<?xml version="1.0" encoding="UTF-8"?>
<testsuites name="jest tests" tests="179" failures="133" errors="0" time="110.263">
  <testsuite name="AppError" errors="0" failures="14" skipped="0" timestamp="2025-04-09T19:26:07" time="2.566" tests="20">
    <testcase classname="AppError › Constructor" name="should create error with default status code" time="0.004">
      <failure>Error: expect(received).toBe(expected) // Object.is equality

Expected: 500
Received: undefined
    at Object.toBe (/Users/angle/Documents/augment-projects/trend2zero/backend/src/tests/utils/appError.test.js:8:38)
    at Promise.then.completed (/Users/angle/Documents/augment-projects/trend2zero/backend/node_modules/jest-circus/build/utils.js:298:28)
    at new Promise (&lt;anonymous&gt;)
    at callAsyncCircusFn (/Users/angle/Documents/augment-projects/trend2zero/backend/node_modules/jest-circus/build/utils.js:231:10)
    at _callCircusTest (/Users/angle/Documents/augment-projects/trend2zero/backend/node_modules/jest-circus/build/run.js:316:40)
    at processTicksAndRejections (node:internal/process/task_queues:105:5)
    at _runTest (/Users/angle/Documents/augment-projects/trend2zero/backend/node_modules/jest-circus/build/run.js:252:3)
    at _runTestsForDescribeBlock (/Users/angle/Documents/augment-projects/trend2zero/backend/node_modules/jest-circus/build/run.js:126:9)
    at _runTestsForDescribeBlock (/Users/angle/Documents/augment-projects/trend2zero/backend/node_modules/jest-circus/build/run.js:121:9)
    at _runTestsForDescribeBlock (/Users/angle/Documents/augment-projects/trend2zero/backend/node_modules/jest-circus/build/run.js:121:9)
    at run (/Users/angle/Documents/augment-projects/trend2zero/backend/node_modules/jest-circus/build/run.js:71:3)
    at runAndTransformResultsToJestFormat (/Users/angle/Documents/augment-projects/trend2zero/backend/node_modules/jest-circus/build/legacy-code-todo-rewrite/jestAdapterInit.js:122:21)
    at jestAdapter (/Users/angle/Documents/augment-projects/trend2zero/backend/node_modules/jest-circus/build/legacy-code-todo-rewrite/jestAdapter.js:79:19)
    at runTestInternal (/Users/angle/Documents/augment-projects/trend2zero/backend/node_modules/jest-runner/build/runTest.js:367:16)
    at runTest (/Users/angle/Documents/augment-projects/trend2zero/backend/node_modules/jest-runner/build/runTest.js:444:34)
    at Object.worker (/Users/angle/Documents/augment-projects/trend2zero/backend/node_modules/jest-runner/build/testWorker.js:106:12)</failure>
    </testcase>
    <testcase classname="AppError › Constructor" name="should create error with custom status code" time="0.044">
    </testcase>
    <testcase classname="AppError › Constructor" name="should create error with details" time="0.002">
      <failure>Error: expect(received).toEqual(expected) // deep equality

Expected: {&quot;code&quot;: &quot;invalid&quot;, &quot;field&quot;: &quot;test&quot;}
Received: undefined
    at Object.toEqual (/Users/angle/Documents/augment-projects/trend2zero/backend/src/tests/utils/appError.test.js:23:35)
    at Promise.then.completed (/Users/angle/Documents/augment-projects/trend2zero/backend/node_modules/jest-circus/build/utils.js:298:28)
    at new Promise (&lt;anonymous&gt;)
    at callAsyncCircusFn (/Users/angle/Documents/augment-projects/trend2zero/backend/node_modules/jest-circus/build/utils.js:231:10)
    at _callCircusTest (/Users/angle/Documents/augment-projects/trend2zero/backend/node_modules/jest-circus/build/run.js:316:40)
    at processTicksAndRejections (node:internal/process/task_queues:105:5)
    at _runTest (/Users/angle/Documents/augment-projects/trend2zero/backend/node_modules/jest-circus/build/run.js:252:3)
    at _runTestsForDescribeBlock (/Users/angle/Documents/augment-projects/trend2zero/backend/node_modules/jest-circus/build/run.js:126:9)
    at _runTestsForDescribeBlock (/Users/angle/Documents/augment-projects/trend2zero/backend/node_modules/jest-circus/build/run.js:121:9)
    at _runTestsForDescribeBlock (/Users/angle/Documents/augment-projects/trend2zero/backend/node_modules/jest-circus/build/run.js:121:9)
    at run (/Users/angle/Documents/augment-projects/trend2zero/backend/node_modules/jest-circus/build/run.js:71:3)
    at runAndTransformResultsToJestFormat (/Users/angle/Documents/augment-projects/trend2zero/backend/node_modules/jest-circus/build/legacy-code-todo-rewrite/jestAdapterInit.js:122:21)
    at jestAdapter (/Users/angle/Documents/augment-projects/trend2zero/backend/node_modules/jest-circus/build/legacy-code-todo-rewrite/jestAdapter.js:79:19)
    at runTestInternal (/Users/angle/Documents/augment-projects/trend2zero/backend/node_modules/jest-runner/build/runTest.js:367:16)
    at runTest (/Users/angle/Documents/augment-projects/trend2zero/backend/node_modules/jest-runner/build/runTest.js:444:34)
    at Object.worker (/Users/angle/Documents/augment-projects/trend2zero/backend/node_modules/jest-runner/build/testWorker.js:106:12)</failure>
    </testcase>
    <testcase classname="AppError › toJSON" name="should return error response object in production" time="0">
      <failure>TypeError: error.toJSON is not a function
    at Object.toJSON (/Users/angle/Documents/augment-projects/trend2zero/backend/src/tests/utils/appError.test.js:37:36)
    at Promise.then.completed (/Users/angle/Documents/augment-projects/trend2zero/backend/node_modules/jest-circus/build/utils.js:298:28)
    at new Promise (&lt;anonymous&gt;)
    at callAsyncCircusFn (/Users/angle/Documents/augment-projects/trend2zero/backend/node_modules/jest-circus/build/utils.js:231:10)
    at _callCircusTest (/Users/angle/Documents/augment-projects/trend2zero/backend/node_modules/jest-circus/build/run.js:316:40)
    at processTicksAndRejections (node:internal/process/task_queues:105:5)
    at _runTest (/Users/angle/Documents/augment-projects/trend2zero/backend/node_modules/jest-circus/build/run.js:252:3)
    at _runTestsForDescribeBlock (/Users/angle/Documents/augment-projects/trend2zero/backend/node_modules/jest-circus/build/run.js:126:9)
    at _runTestsForDescribeBlock (/Users/angle/Documents/augment-projects/trend2zero/backend/node_modules/jest-circus/build/run.js:121:9)
    at _runTestsForDescribeBlock (/Users/angle/Documents/augment-projects/trend2zero/backend/node_modules/jest-circus/build/run.js:121:9)
    at run (/Users/angle/Documents/augment-projects/trend2zero/backend/node_modules/jest-circus/build/run.js:71:3)
    at runAndTransformResultsToJestFormat (/Users/angle/Documents/augment-projects/trend2zero/backend/node_modules/jest-circus/build/legacy-code-todo-rewrite/jestAdapterInit.js:122:21)
    at jestAdapter (/Users/angle/Documents/augment-projects/trend2zero/backend/node_modules/jest-circus/build/legacy-code-todo-rewrite/jestAdapter.js:79:19)
    at runTestInternal (/Users/angle/Documents/augment-projects/trend2zero/backend/node_modules/jest-runner/build/runTest.js:367:16)
    at runTest (/Users/angle/Documents/augment-projects/trend2zero/backend/node_modules/jest-runner/build/runTest.js:444:34)
    at Object.worker (/Users/angle/Documents/augment-projects/trend2zero/backend/node_modules/jest-runner/build/testWorker.js:106:12)</failure>
    </testcase>
    <testcase classname="AppError › toJSON" name="should include stack trace in development" time="0.007">
      <failure>TypeError: error.toJSON is not a function
    at Object.toJSON (/Users/angle/Documents/augment-projects/trend2zero/backend/src/tests/utils/appError.test.js:51:36)
    at Promise.then.completed (/Users/angle/Documents/augment-projects/trend2zero/backend/node_modules/jest-circus/build/utils.js:298:28)
    at new Promise (&lt;anonymous&gt;)
    at callAsyncCircusFn (/Users/angle/Documents/augment-projects/trend2zero/backend/node_modules/jest-circus/build/utils.js:231:10)
    at _callCircusTest (/Users/angle/Documents/augment-projects/trend2zero/backend/node_modules/jest-circus/build/run.js:316:40)
    at processTicksAndRejections (node:internal/process/task_queues:105:5)
    at _runTest (/Users/angle/Documents/augment-projects/trend2zero/backend/node_modules/jest-circus/build/run.js:252:3)
    at _runTestsForDescribeBlock (/Users/angle/Documents/augment-projects/trend2zero/backend/node_modules/jest-circus/build/run.js:126:9)
    at _runTestsForDescribeBlock (/Users/angle/Documents/augment-projects/trend2zero/backend/node_modules/jest-circus/build/run.js:121:9)
    at _runTestsForDescribeBlock (/Users/angle/Documents/augment-projects/trend2zero/backend/node_modules/jest-circus/build/run.js:121:9)
    at run (/Users/angle/Documents/augment-projects/trend2zero/backend/node_modules/jest-circus/build/run.js:71:3)
    at runAndTransformResultsToJestFormat (/Users/angle/Documents/augment-projects/trend2zero/backend/node_modules/jest-circus/build/legacy-code-todo-rewrite/jestAdapterInit.js:122:21)
    at jestAdapter (/Users/angle/Documents/augment-projects/trend2zero/backend/node_modules/jest-circus/build/legacy-code-todo-rewrite/jestAdapter.js:79:19)
    at runTestInternal (/Users/angle/Documents/augment-projects/trend2zero/backend/node_modules/jest-runner/build/runTest.js:367:16)
    at runTest (/Users/angle/Documents/augment-projects/trend2zero/backend/node_modules/jest-runner/build/runTest.js:444:34)
    at Object.worker (/Users/angle/Documents/augment-projects/trend2zero/backend/node_modules/jest-runner/build/testWorker.js:106:12)</failure>
    </testcase>
    <testcase classname="AppError › toJSON" name="should omit details if not provided" time="0">
      <failure>TypeError: error.toJSON is not a function
    at Object.toJSON (/Users/angle/Documents/augment-projects/trend2zero/backend/src/tests/utils/appError.test.js:58:36)
    at Promise.then.completed (/Users/angle/Documents/augment-projects/trend2zero/backend/node_modules/jest-circus/build/utils.js:298:28)
    at new Promise (&lt;anonymous&gt;)
    at callAsyncCircusFn (/Users/angle/Documents/augment-projects/trend2zero/backend/node_modules/jest-circus/build/utils.js:231:10)
    at _callCircusTest (/Users/angle/Documents/augment-projects/trend2zero/backend/node_modules/jest-circus/build/run.js:316:40)
    at processTicksAndRejections (node:internal/process/task_queues:105:5)
    at _runTest (/Users/angle/Documents/augment-projects/trend2zero/backend/node_modules/jest-circus/build/run.js:252:3)
    at _runTestsForDescribeBlock (/Users/angle/Documents/augment-projects/trend2zero/backend/node_modules/jest-circus/build/run.js:126:9)
    at _runTestsForDescribeBlock (/Users/angle/Documents/augment-projects/trend2zero/backend/node_modules/jest-circus/build/run.js:121:9)
    at _runTestsForDescribeBlock (/Users/angle/Documents/augment-projects/trend2zero/backend/node_modules/jest-circus/build/run.js:121:9)
    at run (/Users/angle/Documents/augment-projects/trend2zero/backend/node_modules/jest-circus/build/run.js:71:3)
    at runAndTransformResultsToJestFormat (/Users/angle/Documents/augment-projects/trend2zero/backend/node_modules/jest-circus/build/legacy-code-todo-rewrite/jestAdapterInit.js:122:21)
    at jestAdapter (/Users/angle/Documents/augment-projects/trend2zero/backend/node_modules/jest-circus/build/legacy-code-todo-rewrite/jestAdapter.js:79:19)
    at runTestInternal (/Users/angle/Documents/augment-projects/trend2zero/backend/node_modules/jest-runner/build/runTest.js:367:16)
    at runTest (/Users/angle/Documents/augment-projects/trend2zero/backend/node_modules/jest-runner/build/runTest.js:444:34)
    at Object.worker (/Users/angle/Documents/augment-projects/trend2zero/backend/node_modules/jest-runner/build/testWorker.js:106:12)</failure>
    </testcase>
    <testcase classname="AppError › Static Factory Methods" name="should create bad request error" time="0">
      <failure>TypeError: AppError.badRequest is not a function
    at Object.badRequest (/Users/angle/Documents/augment-projects/trend2zero/backend/src/tests/utils/appError.test.js:66:36)
    at Promise.then.completed (/Users/angle/Documents/augment-projects/trend2zero/backend/node_modules/jest-circus/build/utils.js:298:28)
    at new Promise (&lt;anonymous&gt;)
    at callAsyncCircusFn (/Users/angle/Documents/augment-projects/trend2zero/backend/node_modules/jest-circus/build/utils.js:231:10)
    at _callCircusTest (/Users/angle/Documents/augment-projects/trend2zero/backend/node_modules/jest-circus/build/run.js:316:40)
    at processTicksAndRejections (node:internal/process/task_queues:105:5)
    at _runTest (/Users/angle/Documents/augment-projects/trend2zero/backend/node_modules/jest-circus/build/run.js:252:3)
    at _runTestsForDescribeBlock (/Users/angle/Documents/augment-projects/trend2zero/backend/node_modules/jest-circus/build/run.js:126:9)
    at _runTestsForDescribeBlock (/Users/angle/Documents/augment-projects/trend2zero/backend/node_modules/jest-circus/build/run.js:121:9)
    at _runTestsForDescribeBlock (/Users/angle/Documents/augment-projects/trend2zero/backend/node_modules/jest-circus/build/run.js:121:9)
    at run (/Users/angle/Documents/augment-projects/trend2zero/backend/node_modules/jest-circus/build/run.js:71:3)
    at runAndTransformResultsToJestFormat (/Users/angle/Documents/augment-projects/trend2zero/backend/node_modules/jest-circus/build/legacy-code-todo-rewrite/jestAdapterInit.js:122:21)
    at jestAdapter (/Users/angle/Documents/augment-projects/trend2zero/backend/node_modules/jest-circus/build/legacy-code-todo-rewrite/jestAdapter.js:79:19)
    at runTestInternal (/Users/angle/Documents/augment-projects/trend2zero/backend/node_modules/jest-runner/build/runTest.js:367:16)
    at runTest (/Users/angle/Documents/augment-projects/trend2zero/backend/node_modules/jest-runner/build/runTest.js:444:34)
    at Object.worker (/Users/angle/Documents/augment-projects/trend2zero/backend/node_modules/jest-runner/build/testWorker.js:106:12)</failure>
    </testcase>
    <testcase classname="AppError › Static Factory Methods" name="should create unauthorized error" time="0.001">
      <failure>TypeError: AppError.unauthorized is not a function
    at Object.unauthorized (/Users/angle/Documents/augment-projects/trend2zero/backend/src/tests/utils/appError.test.js:72:36)
    at Promise.then.completed (/Users/angle/Documents/augment-projects/trend2zero/backend/node_modules/jest-circus/build/utils.js:298:28)
    at new Promise (&lt;anonymous&gt;)
    at callAsyncCircusFn (/Users/angle/Documents/augment-projects/trend2zero/backend/node_modules/jest-circus/build/utils.js:231:10)
    at _callCircusTest (/Users/angle/Documents/augment-projects/trend2zero/backend/node_modules/jest-circus/build/run.js:316:40)
    at processTicksAndRejections (node:internal/process/task_queues:105:5)
    at _runTest (/Users/angle/Documents/augment-projects/trend2zero/backend/node_modules/jest-circus/build/run.js:252:3)
    at _runTestsForDescribeBlock (/Users/angle/Documents/augment-projects/trend2zero/backend/node_modules/jest-circus/build/run.js:126:9)
    at _runTestsForDescribeBlock (/Users/angle/Documents/augment-projects/trend2zero/backend/node_modules/jest-circus/build/run.js:121:9)
    at _runTestsForDescribeBlock (/Users/angle/Documents/augment-projects/trend2zero/backend/node_modules/jest-circus/build/run.js:121:9)
    at run (/Users/angle/Documents/augment-projects/trend2zero/backend/node_modules/jest-circus/build/run.js:71:3)
    at runAndTransformResultsToJestFormat (/Users/angle/Documents/augment-projects/trend2zero/backend/node_modules/jest-circus/build/legacy-code-todo-rewrite/jestAdapterInit.js:122:21)
    at jestAdapter (/Users/angle/Documents/augment-projects/trend2zero/backend/node_modules/jest-circus/build/legacy-code-todo-rewrite/jestAdapter.js:79:19)
    at runTestInternal (/Users/angle/Documents/augment-projects/trend2zero/backend/node_modules/jest-runner/build/runTest.js:367:16)
    at runTest (/Users/angle/Documents/augment-projects/trend2zero/backend/node_modules/jest-runner/build/runTest.js:444:34)
    at Object.worker (/Users/angle/Documents/augment-projects/trend2zero/backend/node_modules/jest-runner/build/testWorker.js:106:12)</failure>
    </testcase>
    <testcase classname="AppError › Static Factory Methods" name="should create forbidden error" time="0.002">
      <failure>TypeError: AppError.forbidden is not a function
    at Object.forbidden (/Users/angle/Documents/augment-projects/trend2zero/backend/src/tests/utils/appError.test.js:78:36)
    at Promise.then.completed (/Users/angle/Documents/augment-projects/trend2zero/backend/node_modules/jest-circus/build/utils.js:298:28)
    at new Promise (&lt;anonymous&gt;)
    at callAsyncCircusFn (/Users/angle/Documents/augment-projects/trend2zero/backend/node_modules/jest-circus/build/utils.js:231:10)
    at _callCircusTest (/Users/angle/Documents/augment-projects/trend2zero/backend/node_modules/jest-circus/build/run.js:316:40)
    at processTicksAndRejections (node:internal/process/task_queues:105:5)
    at _runTest (/Users/angle/Documents/augment-projects/trend2zero/backend/node_modules/jest-circus/build/run.js:252:3)
    at _runTestsForDescribeBlock (/Users/angle/Documents/augment-projects/trend2zero/backend/node_modules/jest-circus/build/run.js:126:9)
    at _runTestsForDescribeBlock (/Users/angle/Documents/augment-projects/trend2zero/backend/node_modules/jest-circus/build/run.js:121:9)
    at _runTestsForDescribeBlock (/Users/angle/Documents/augment-projects/trend2zero/backend/node_modules/jest-circus/build/run.js:121:9)
    at run (/Users/angle/Documents/augment-projects/trend2zero/backend/node_modules/jest-circus/build/run.js:71:3)
    at runAndTransformResultsToJestFormat (/Users/angle/Documents/augment-projects/trend2zero/backend/node_modules/jest-circus/build/legacy-code-todo-rewrite/jestAdapterInit.js:122:21)
    at jestAdapter (/Users/angle/Documents/augment-projects/trend2zero/backend/node_modules/jest-circus/build/legacy-code-todo-rewrite/jestAdapter.js:79:19)
    at runTestInternal (/Users/angle/Documents/augment-projects/trend2zero/backend/node_modules/jest-runner/build/runTest.js:367:16)
    at runTest (/Users/angle/Documents/augment-projects/trend2zero/backend/node_modules/jest-runner/build/runTest.js:444:34)
    at Object.worker (/Users/angle/Documents/augment-projects/trend2zero/backend/node_modules/jest-runner/build/testWorker.js:106:12)</failure>
    </testcase>
    <testcase classname="AppError › Static Factory Methods" name="should create not found error" time="0.001">
      <failure>TypeError: AppError.notFound is not a function
    at Object.notFound (/Users/angle/Documents/augment-projects/trend2zero/backend/src/tests/utils/appError.test.js:84:36)
    at Promise.then.completed (/Users/angle/Documents/augment-projects/trend2zero/backend/node_modules/jest-circus/build/utils.js:298:28)
    at new Promise (&lt;anonymous&gt;)
    at callAsyncCircusFn (/Users/angle/Documents/augment-projects/trend2zero/backend/node_modules/jest-circus/build/utils.js:231:10)
    at _callCircusTest (/Users/angle/Documents/augment-projects/trend2zero/backend/node_modules/jest-circus/build/run.js:316:40)
    at processTicksAndRejections (node:internal/process/task_queues:105:5)
    at _runTest (/Users/angle/Documents/augment-projects/trend2zero/backend/node_modules/jest-circus/build/run.js:252:3)
    at _runTestsForDescribeBlock (/Users/angle/Documents/augment-projects/trend2zero/backend/node_modules/jest-circus/build/run.js:126:9)
    at _runTestsForDescribeBlock (/Users/angle/Documents/augment-projects/trend2zero/backend/node_modules/jest-circus/build/run.js:121:9)
    at _runTestsForDescribeBlock (/Users/angle/Documents/augment-projects/trend2zero/backend/node_modules/jest-circus/build/run.js:121:9)
    at run (/Users/angle/Documents/augment-projects/trend2zero/backend/node_modules/jest-circus/build/run.js:71:3)
    at runAndTransformResultsToJestFormat (/Users/angle/Documents/augment-projects/trend2zero/backend/node_modules/jest-circus/build/legacy-code-todo-rewrite/jestAdapterInit.js:122:21)
    at jestAdapter (/Users/angle/Documents/augment-projects/trend2zero/backend/node_modules/jest-circus/build/legacy-code-todo-rewrite/jestAdapter.js:79:19)
    at runTestInternal (/Users/angle/Documents/augment-projects/trend2zero/backend/node_modules/jest-runner/build/runTest.js:367:16)
    at runTest (/Users/angle/Documents/augment-projects/trend2zero/backend/node_modules/jest-runner/build/runTest.js:444:34)
    at Object.worker (/Users/angle/Documents/augment-projects/trend2zero/backend/node_modules/jest-runner/build/testWorker.js:106:12)</failure>
    </testcase>
    <testcase classname="AppError › Static Factory Methods" name="should create conflict error" time="0">
      <failure>TypeError: AppError.conflict is not a function
    at Object.conflict (/Users/angle/Documents/augment-projects/trend2zero/backend/src/tests/utils/appError.test.js:90:36)
    at Promise.then.completed (/Users/angle/Documents/augment-projects/trend2zero/backend/node_modules/jest-circus/build/utils.js:298:28)
    at new Promise (&lt;anonymous&gt;)
    at callAsyncCircusFn (/Users/angle/Documents/augment-projects/trend2zero/backend/node_modules/jest-circus/build/utils.js:231:10)
    at _callCircusTest (/Users/angle/Documents/augment-projects/trend2zero/backend/node_modules/jest-circus/build/run.js:316:40)
    at processTicksAndRejections (node:internal/process/task_queues:105:5)
    at _runTest (/Users/angle/Documents/augment-projects/trend2zero/backend/node_modules/jest-circus/build/run.js:252:3)
    at _runTestsForDescribeBlock (/Users/angle/Documents/augment-projects/trend2zero/backend/node_modules/jest-circus/build/run.js:126:9)
    at _runTestsForDescribeBlock (/Users/angle/Documents/augment-projects/trend2zero/backend/node_modules/jest-circus/build/run.js:121:9)
    at _runTestsForDescribeBlock (/Users/angle/Documents/augment-projects/trend2zero/backend/node_modules/jest-circus/build/run.js:121:9)
    at run (/Users/angle/Documents/augment-projects/trend2zero/backend/node_modules/jest-circus/build/run.js:71:3)
    at runAndTransformResultsToJestFormat (/Users/angle/Documents/augment-projects/trend2zero/backend/node_modules/jest-circus/build/legacy-code-todo-rewrite/jestAdapterInit.js:122:21)
    at jestAdapter (/Users/angle/Documents/augment-projects/trend2zero/backend/node_modules/jest-circus/build/legacy-code-todo-rewrite/jestAdapter.js:79:19)
    at runTestInternal (/Users/angle/Documents/augment-projects/trend2zero/backend/node_modules/jest-runner/build/runTest.js:367:16)
    at runTest (/Users/angle/Documents/augment-projects/trend2zero/backend/node_modules/jest-runner/build/runTest.js:444:34)
    at Object.worker (/Users/angle/Documents/augment-projects/trend2zero/backend/node_modules/jest-runner/build/testWorker.js:106:12)</failure>
    </testcase>
    <testcase classname="AppError › Static Factory Methods" name="should create validation error" time="0">
      <failure>TypeError: AppError.validation is not a function
    at Object.validation (/Users/angle/Documents/augment-projects/trend2zero/backend/src/tests/utils/appError.test.js:96:36)
    at Promise.then.completed (/Users/angle/Documents/augment-projects/trend2zero/backend/node_modules/jest-circus/build/utils.js:298:28)
    at new Promise (&lt;anonymous&gt;)
    at callAsyncCircusFn (/Users/angle/Documents/augment-projects/trend2zero/backend/node_modules/jest-circus/build/utils.js:231:10)
    at _callCircusTest (/Users/angle/Documents/augment-projects/trend2zero/backend/node_modules/jest-circus/build/run.js:316:40)
    at processTicksAndRejections (node:internal/process/task_queues:105:5)
    at _runTest (/Users/angle/Documents/augment-projects/trend2zero/backend/node_modules/jest-circus/build/run.js:252:3)
    at _runTestsForDescribeBlock (/Users/angle/Documents/augment-projects/trend2zero/backend/node_modules/jest-circus/build/run.js:126:9)
    at _runTestsForDescribeBlock (/Users/angle/Documents/augment-projects/trend2zero/backend/node_modules/jest-circus/build/run.js:121:9)
    at _runTestsForDescribeBlock (/Users/angle/Documents/augment-projects/trend2zero/backend/node_modules/jest-circus/build/run.js:121:9)
    at run (/Users/angle/Documents/augment-projects/trend2zero/backend/node_modules/jest-circus/build/run.js:71:3)
    at runAndTransformResultsToJestFormat (/Users/angle/Documents/augment-projects/trend2zero/backend/node_modules/jest-circus/build/legacy-code-todo-rewrite/jestAdapterInit.js:122:21)
    at jestAdapter (/Users/angle/Documents/augment-projects/trend2zero/backend/node_modules/jest-circus/build/legacy-code-todo-rewrite/jestAdapter.js:79:19)
    at runTestInternal (/Users/angle/Documents/augment-projects/trend2zero/backend/node_modules/jest-runner/build/runTest.js:367:16)
    at runTest (/Users/angle/Documents/augment-projects/trend2zero/backend/node_modules/jest-runner/build/runTest.js:444:34)
    at Object.worker (/Users/angle/Documents/augment-projects/trend2zero/backend/node_modules/jest-runner/build/testWorker.js:106:12)</failure>
    </testcase>
    <testcase classname="AppError › Static Factory Methods" name="should create internal error" time="0">
      <failure>TypeError: AppError.internal is not a function
    at Object.internal (/Users/angle/Documents/augment-projects/trend2zero/backend/src/tests/utils/appError.test.js:102:36)
    at Promise.then.completed (/Users/angle/Documents/augment-projects/trend2zero/backend/node_modules/jest-circus/build/utils.js:298:28)
    at new Promise (&lt;anonymous&gt;)
    at callAsyncCircusFn (/Users/angle/Documents/augment-projects/trend2zero/backend/node_modules/jest-circus/build/utils.js:231:10)
    at _callCircusTest (/Users/angle/Documents/augment-projects/trend2zero/backend/node_modules/jest-circus/build/run.js:316:40)
    at processTicksAndRejections (node:internal/process/task_queues:105:5)
    at _runTest (/Users/angle/Documents/augment-projects/trend2zero/backend/node_modules/jest-circus/build/run.js:252:3)
    at _runTestsForDescribeBlock (/Users/angle/Documents/augment-projects/trend2zero/backend/node_modules/jest-circus/build/run.js:126:9)
    at _runTestsForDescribeBlock (/Users/angle/Documents/augment-projects/trend2zero/backend/node_modules/jest-circus/build/run.js:121:9)
    at _runTestsForDescribeBlock (/Users/angle/Documents/augment-projects/trend2zero/backend/node_modules/jest-circus/build/run.js:121:9)
    at run (/Users/angle/Documents/augment-projects/trend2zero/backend/node_modules/jest-circus/build/run.js:71:3)
    at runAndTransformResultsToJestFormat (/Users/angle/Documents/augment-projects/trend2zero/backend/node_modules/jest-circus/build/legacy-code-todo-rewrite/jestAdapterInit.js:122:21)
    at jestAdapter (/Users/angle/Documents/augment-projects/trend2zero/backend/node_modules/jest-circus/build/legacy-code-todo-rewrite/jestAdapter.js:79:19)
    at runTestInternal (/Users/angle/Documents/augment-projects/trend2zero/backend/node_modules/jest-runner/build/runTest.js:367:16)
    at runTest (/Users/angle/Documents/augment-projects/trend2zero/backend/node_modules/jest-runner/build/runTest.js:444:34)
    at Object.worker (/Users/angle/Documents/augment-projects/trend2zero/backend/node_modules/jest-runner/build/testWorker.js:106:12)</failure>
    </testcase>
    <testcase classname="AppError › Static Factory Methods" name="should create service unavailable error" time="0">
      <failure>TypeError: AppError.serviceUnavailable is not a function
    at Object.serviceUnavailable (/Users/angle/Documents/augment-projects/trend2zero/backend/src/tests/utils/appError.test.js:108:36)
    at Promise.then.completed (/Users/angle/Documents/augment-projects/trend2zero/backend/node_modules/jest-circus/build/utils.js:298:28)
    at new Promise (&lt;anonymous&gt;)
    at callAsyncCircusFn (/Users/angle/Documents/augment-projects/trend2zero/backend/node_modules/jest-circus/build/utils.js:231:10)
    at _callCircusTest (/Users/angle/Documents/augment-projects/trend2zero/backend/node_modules/jest-circus/build/run.js:316:40)
    at processTicksAndRejections (node:internal/process/task_queues:105:5)
    at _runTest (/Users/angle/Documents/augment-projects/trend2zero/backend/node_modules/jest-circus/build/run.js:252:3)
    at _runTestsForDescribeBlock (/Users/angle/Documents/augment-projects/trend2zero/backend/node_modules/jest-circus/build/run.js:126:9)
    at _runTestsForDescribeBlock (/Users/angle/Documents/augment-projects/trend2zero/backend/node_modules/jest-circus/build/run.js:121:9)
    at _runTestsForDescribeBlock (/Users/angle/Documents/augment-projects/trend2zero/backend/node_modules/jest-circus/build/run.js:121:9)
    at run (/Users/angle/Documents/augment-projects/trend2zero/backend/node_modules/jest-circus/build/run.js:71:3)
    at runAndTransformResultsToJestFormat (/Users/angle/Documents/augment-projects/trend2zero/backend/node_modules/jest-circus/build/legacy-code-todo-rewrite/jestAdapterInit.js:122:21)
    at jestAdapter (/Users/angle/Documents/augment-projects/trend2zero/backend/node_modules/jest-circus/build/legacy-code-todo-rewrite/jestAdapter.js:79:19)
    at runTestInternal (/Users/angle/Documents/augment-projects/trend2zero/backend/node_modules/jest-runner/build/runTest.js:367:16)
    at runTest (/Users/angle/Documents/augment-projects/trend2zero/backend/node_modules/jest-runner/build/runTest.js:444:34)
    at Object.worker (/Users/angle/Documents/augment-projects/trend2zero/backend/node_modules/jest-runner/build/testWorker.js:106:12)</failure>
    </testcase>
    <testcase classname="AppError › Static Factory Methods" name="should include details in factory methods" time="0">
      <failure>TypeError: AppError.badRequest is not a function
    at Object.badRequest (/Users/angle/Documents/augment-projects/trend2zero/backend/src/tests/utils/appError.test.js:115:36)
    at Promise.then.completed (/Users/angle/Documents/augment-projects/trend2zero/backend/node_modules/jest-circus/build/utils.js:298:28)
    at new Promise (&lt;anonymous&gt;)
    at callAsyncCircusFn (/Users/angle/Documents/augment-projects/trend2zero/backend/node_modules/jest-circus/build/utils.js:231:10)
    at _callCircusTest (/Users/angle/Documents/augment-projects/trend2zero/backend/node_modules/jest-circus/build/run.js:316:40)
    at processTicksAndRejections (node:internal/process/task_queues:105:5)
    at _runTest (/Users/angle/Documents/augment-projects/trend2zero/backend/node_modules/jest-circus/build/run.js:252:3)
    at _runTestsForDescribeBlock (/Users/angle/Documents/augment-projects/trend2zero/backend/node_modules/jest-circus/build/run.js:126:9)
    at _runTestsForDescribeBlock (/Users/angle/Documents/augment-projects/trend2zero/backend/node_modules/jest-circus/build/run.js:121:9)
    at _runTestsForDescribeBlock (/Users/angle/Documents/augment-projects/trend2zero/backend/node_modules/jest-circus/build/run.js:121:9)
    at run (/Users/angle/Documents/augment-projects/trend2zero/backend/node_modules/jest-circus/build/run.js:71:3)
    at runAndTransformResultsToJestFormat (/Users/angle/Documents/augment-projects/trend2zero/backend/node_modules/jest-circus/build/legacy-code-todo-rewrite/jestAdapterInit.js:122:21)
    at jestAdapter (/Users/angle/Documents/augment-projects/trend2zero/backend/node_modules/jest-circus/build/legacy-code-todo-rewrite/jestAdapter.js:79:19)
    at runTestInternal (/Users/angle/Documents/augment-projects/trend2zero/backend/node_modules/jest-runner/build/runTest.js:367:16)
    at runTest (/Users/angle/Documents/augment-projects/trend2zero/backend/node_modules/jest-runner/build/runTest.js:444:34)
    at Object.worker (/Users/angle/Documents/augment-projects/trend2zero/backend/node_modules/jest-runner/build/testWorker.js:106:12)</failure>
    </testcase>
    <testcase classname="AppError › Error Inheritance" name="should be instance of Error" time="0.001">
    </testcase>
    <testcase classname="AppError › Error Inheritance" name="should be instance of AppError" time="0">
    </testcase>
    <testcase classname="AppError › Error Inheritance" name="should have correct name property" time="0">
    </testcase>
    <testcase classname="AppError › Error Status" name="should set fail status for 4xx errors" time="0.001">
    </testcase>
    <testcase classname="AppError › Error Status" name="should set error status for 5xx errors" time="0">
    </testcase>
  </testsuite>
  <testsuite name="Cache Utility" errors="0" failures="22" skipped="0" timestamp="2025-04-09T19:26:07" time="2.604" tests="22">
    <testcase classname="Cache Utility › set and get" name="should store and retrieve values" time="0.006">
      <failure>TypeError: cache.clear is not a function
    at Object.clear (/Users/angle/Documents/augment-projects/trend2zero/backend/src/tests/utils/cache.test.js:5:15)
    at Promise.then.completed (/Users/angle/Documents/augment-projects/trend2zero/backend/node_modules/jest-circus/build/utils.js:298:28)
    at new Promise (&lt;anonymous&gt;)
    at callAsyncCircusFn (/Users/angle/Documents/augment-projects/trend2zero/backend/node_modules/jest-circus/build/utils.js:231:10)
    at _callCircusHook (/Users/angle/Documents/augment-projects/trend2zero/backend/node_modules/jest-circus/build/run.js:281:40)
    at processTicksAndRejections (node:internal/process/task_queues:105:5)
    at _runTest (/Users/angle/Documents/augment-projects/trend2zero/backend/node_modules/jest-circus/build/run.js:246:5)
    at _runTestsForDescribeBlock (/Users/angle/Documents/augment-projects/trend2zero/backend/node_modules/jest-circus/build/run.js:126:9)
    at _runTestsForDescribeBlock (/Users/angle/Documents/augment-projects/trend2zero/backend/node_modules/jest-circus/build/run.js:121:9)
    at _runTestsForDescribeBlock (/Users/angle/Documents/augment-projects/trend2zero/backend/node_modules/jest-circus/build/run.js:121:9)
    at run (/Users/angle/Documents/augment-projects/trend2zero/backend/node_modules/jest-circus/build/run.js:71:3)
    at runAndTransformResultsToJestFormat (/Users/angle/Documents/augment-projects/trend2zero/backend/node_modules/jest-circus/build/legacy-code-todo-rewrite/jestAdapterInit.js:122:21)
    at jestAdapter (/Users/angle/Documents/augment-projects/trend2zero/backend/node_modules/jest-circus/build/legacy-code-todo-rewrite/jestAdapter.js:79:19)
    at runTestInternal (/Users/angle/Documents/augment-projects/trend2zero/backend/node_modules/jest-runner/build/runTest.js:367:16)
    at runTest (/Users/angle/Documents/augment-projects/trend2zero/backend/node_modules/jest-runner/build/runTest.js:444:34)
    at Object.worker (/Users/angle/Documents/augment-projects/trend2zero/backend/node_modules/jest-runner/build/testWorker.js:106:12)</failure>
    </testcase>
    <testcase classname="Cache Utility › set and get" name="should return null for non-existent keys" time="0.001">
      <failure>TypeError: cache.clear is not a function
    at Object.clear (/Users/angle/Documents/augment-projects/trend2zero/backend/src/tests/utils/cache.test.js:5:15)
    at Promise.then.completed (/Users/angle/Documents/augment-projects/trend2zero/backend/node_modules/jest-circus/build/utils.js:298:28)
    at new Promise (&lt;anonymous&gt;)
    at callAsyncCircusFn (/Users/angle/Documents/augment-projects/trend2zero/backend/node_modules/jest-circus/build/utils.js:231:10)
    at _callCircusHook (/Users/angle/Documents/augment-projects/trend2zero/backend/node_modules/jest-circus/build/run.js:281:40)
    at processTicksAndRejections (node:internal/process/task_queues:105:5)
    at _runTest (/Users/angle/Documents/augment-projects/trend2zero/backend/node_modules/jest-circus/build/run.js:246:5)
    at _runTestsForDescribeBlock (/Users/angle/Documents/augment-projects/trend2zero/backend/node_modules/jest-circus/build/run.js:126:9)
    at _runTestsForDescribeBlock (/Users/angle/Documents/augment-projects/trend2zero/backend/node_modules/jest-circus/build/run.js:121:9)
    at _runTestsForDescribeBlock (/Users/angle/Documents/augment-projects/trend2zero/backend/node_modules/jest-circus/build/run.js:121:9)
    at run (/Users/angle/Documents/augment-projects/trend2zero/backend/node_modules/jest-circus/build/run.js:71:3)
    at runAndTransformResultsToJestFormat (/Users/angle/Documents/augment-projects/trend2zero/backend/node_modules/jest-circus/build/legacy-code-todo-rewrite/jestAdapterInit.js:122:21)
    at jestAdapter (/Users/angle/Documents/augment-projects/trend2zero/backend/node_modules/jest-circus/build/legacy-code-todo-rewrite/jestAdapter.js:79:19)
    at runTestInternal (/Users/angle/Documents/augment-projects/trend2zero/backend/node_modules/jest-runner/build/runTest.js:367:16)
    at runTest (/Users/angle/Documents/augment-projects/trend2zero/backend/node_modules/jest-runner/build/runTest.js:444:34)
    at Object.worker (/Users/angle/Documents/augment-projects/trend2zero/backend/node_modules/jest-runner/build/testWorker.js:106:12)</failure>
    </testcase>
    <testcase classname="Cache Utility › set and get" name="should respect TTL" time="0.001">
      <failure>TypeError: cache.clear is not a function
    at Object.clear (/Users/angle/Documents/augment-projects/trend2zero/backend/src/tests/utils/cache.test.js:5:15)
    at Promise.then.completed (/Users/angle/Documents/augment-projects/trend2zero/backend/node_modules/jest-circus/build/utils.js:298:28)
    at new Promise (&lt;anonymous&gt;)
    at callAsyncCircusFn (/Users/angle/Documents/augment-projects/trend2zero/backend/node_modules/jest-circus/build/utils.js:231:10)
    at _callCircusHook (/Users/angle/Documents/augment-projects/trend2zero/backend/node_modules/jest-circus/build/run.js:281:40)
    at processTicksAndRejections (node:internal/process/task_queues:105:5)
    at _runTest (/Users/angle/Documents/augment-projects/trend2zero/backend/node_modules/jest-circus/build/run.js:246:5)
    at _runTestsForDescribeBlock (/Users/angle/Documents/augment-projects/trend2zero/backend/node_modules/jest-circus/build/run.js:126:9)
    at _runTestsForDescribeBlock (/Users/angle/Documents/augment-projects/trend2zero/backend/node_modules/jest-circus/build/run.js:121:9)
    at _runTestsForDescribeBlock (/Users/angle/Documents/augment-projects/trend2zero/backend/node_modules/jest-circus/build/run.js:121:9)
    at run (/Users/angle/Documents/augment-projects/trend2zero/backend/node_modules/jest-circus/build/run.js:71:3)
    at runAndTransformResultsToJestFormat (/Users/angle/Documents/augment-projects/trend2zero/backend/node_modules/jest-circus/build/legacy-code-todo-rewrite/jestAdapterInit.js:122:21)
    at jestAdapter (/Users/angle/Documents/augment-projects/trend2zero/backend/node_modules/jest-circus/build/legacy-code-todo-rewrite/jestAdapter.js:79:19)
    at runTestInternal (/Users/angle/Documents/augment-projects/trend2zero/backend/node_modules/jest-runner/build/runTest.js:367:16)
    at runTest (/Users/angle/Documents/augment-projects/trend2zero/backend/node_modules/jest-runner/build/runTest.js:444:34)
    at Object.worker (/Users/angle/Documents/augment-projects/trend2zero/backend/node_modules/jest-runner/build/testWorker.js:106:12)</failure>
    </testcase>
    <testcase classname="Cache Utility › set and get" name="should use default TTL if not specified" time="0.001">
      <failure>TypeError: cache.clear is not a function
    at Object.clear (/Users/angle/Documents/augment-projects/trend2zero/backend/src/tests/utils/cache.test.js:5:15)
    at Promise.then.completed (/Users/angle/Documents/augment-projects/trend2zero/backend/node_modules/jest-circus/build/utils.js:298:28)
    at new Promise (&lt;anonymous&gt;)
    at callAsyncCircusFn (/Users/angle/Documents/augment-projects/trend2zero/backend/node_modules/jest-circus/build/utils.js:231:10)
    at _callCircusHook (/Users/angle/Documents/augment-projects/trend2zero/backend/node_modules/jest-circus/build/run.js:281:40)
    at processTicksAndRejections (node:internal/process/task_queues:105:5)
    at _runTest (/Users/angle/Documents/augment-projects/trend2zero/backend/node_modules/jest-circus/build/run.js:246:5)
    at _runTestsForDescribeBlock (/Users/angle/Documents/augment-projects/trend2zero/backend/node_modules/jest-circus/build/run.js:126:9)
    at _runTestsForDescribeBlock (/Users/angle/Documents/augment-projects/trend2zero/backend/node_modules/jest-circus/build/run.js:121:9)
    at _runTestsForDescribeBlock (/Users/angle/Documents/augment-projects/trend2zero/backend/node_modules/jest-circus/build/run.js:121:9)
    at run (/Users/angle/Documents/augment-projects/trend2zero/backend/node_modules/jest-circus/build/run.js:71:3)
    at runAndTransformResultsToJestFormat (/Users/angle/Documents/augment-projects/trend2zero/backend/node_modules/jest-circus/build/legacy-code-todo-rewrite/jestAdapterInit.js:122:21)
    at jestAdapter (/Users/angle/Documents/augment-projects/trend2zero/backend/node_modules/jest-circus/build/legacy-code-todo-rewrite/jestAdapter.js:79:19)
    at runTestInternal (/Users/angle/Documents/augment-projects/trend2zero/backend/node_modules/jest-runner/build/runTest.js:367:16)
    at runTest (/Users/angle/Documents/augment-projects/trend2zero/backend/node_modules/jest-runner/build/runTest.js:444:34)
    at Object.worker (/Users/angle/Documents/augment-projects/trend2zero/backend/node_modules/jest-runner/build/testWorker.js:106:12)</failure>
    </testcase>
    <testcase classname="Cache Utility › set and get" name="should handle complex objects" time="0.001">
      <failure>TypeError: cache.clear is not a function
    at Object.clear (/Users/angle/Documents/augment-projects/trend2zero/backend/src/tests/utils/cache.test.js:5:15)
    at Promise.then.completed (/Users/angle/Documents/augment-projects/trend2zero/backend/node_modules/jest-circus/build/utils.js:298:28)
    at new Promise (&lt;anonymous&gt;)
    at callAsyncCircusFn (/Users/angle/Documents/augment-projects/trend2zero/backend/node_modules/jest-circus/build/utils.js:231:10)
    at _callCircusHook (/Users/angle/Documents/augment-projects/trend2zero/backend/node_modules/jest-circus/build/run.js:281:40)
    at processTicksAndRejections (node:internal/process/task_queues:105:5)
    at _runTest (/Users/angle/Documents/augment-projects/trend2zero/backend/node_modules/jest-circus/build/run.js:246:5)
    at _runTestsForDescribeBlock (/Users/angle/Documents/augment-projects/trend2zero/backend/node_modules/jest-circus/build/run.js:126:9)
    at _runTestsForDescribeBlock (/Users/angle/Documents/augment-projects/trend2zero/backend/node_modules/jest-circus/build/run.js:121:9)
    at _runTestsForDescribeBlock (/Users/angle/Documents/augment-projects/trend2zero/backend/node_modules/jest-circus/build/run.js:121:9)
    at run (/Users/angle/Documents/augment-projects/trend2zero/backend/node_modules/jest-circus/build/run.js:71:3)
    at runAndTransformResultsToJestFormat (/Users/angle/Documents/augment-projects/trend2zero/backend/node_modules/jest-circus/build/legacy-code-todo-rewrite/jestAdapterInit.js:122:21)
    at jestAdapter (/Users/angle/Documents/augment-projects/trend2zero/backend/node_modules/jest-circus/build/legacy-code-todo-rewrite/jestAdapter.js:79:19)
    at runTestInternal (/Users/angle/Documents/augment-projects/trend2zero/backend/node_modules/jest-runner/build/runTest.js:367:16)
    at runTest (/Users/angle/Documents/augment-projects/trend2zero/backend/node_modules/jest-runner/build/runTest.js:444:34)
    at Object.worker (/Users/angle/Documents/augment-projects/trend2zero/backend/node_modules/jest-runner/build/testWorker.js:106:12)</failure>
    </testcase>
    <testcase classname="Cache Utility › delete" name="should remove values" time="0.001">
      <failure>TypeError: cache.clear is not a function
    at Object.clear (/Users/angle/Documents/augment-projects/trend2zero/backend/src/tests/utils/cache.test.js:5:15)
    at Promise.then.completed (/Users/angle/Documents/augment-projects/trend2zero/backend/node_modules/jest-circus/build/utils.js:298:28)
    at new Promise (&lt;anonymous&gt;)
    at callAsyncCircusFn (/Users/angle/Documents/augment-projects/trend2zero/backend/node_modules/jest-circus/build/utils.js:231:10)
    at _callCircusHook (/Users/angle/Documents/augment-projects/trend2zero/backend/node_modules/jest-circus/build/run.js:281:40)
    at processTicksAndRejections (node:internal/process/task_queues:105:5)
    at _runTest (/Users/angle/Documents/augment-projects/trend2zero/backend/node_modules/jest-circus/build/run.js:246:5)
    at _runTestsForDescribeBlock (/Users/angle/Documents/augment-projects/trend2zero/backend/node_modules/jest-circus/build/run.js:126:9)
    at _runTestsForDescribeBlock (/Users/angle/Documents/augment-projects/trend2zero/backend/node_modules/jest-circus/build/run.js:121:9)
    at _runTestsForDescribeBlock (/Users/angle/Documents/augment-projects/trend2zero/backend/node_modules/jest-circus/build/run.js:121:9)
    at run (/Users/angle/Documents/augment-projects/trend2zero/backend/node_modules/jest-circus/build/run.js:71:3)
    at runAndTransformResultsToJestFormat (/Users/angle/Documents/augment-projects/trend2zero/backend/node_modules/jest-circus/build/legacy-code-todo-rewrite/jestAdapterInit.js:122:21)
    at jestAdapter (/Users/angle/Documents/augment-projects/trend2zero/backend/node_modules/jest-circus/build/legacy-code-todo-rewrite/jestAdapter.js:79:19)
    at runTestInternal (/Users/angle/Documents/augment-projects/trend2zero/backend/node_modules/jest-runner/build/runTest.js:367:16)
    at runTest (/Users/angle/Documents/augment-projects/trend2zero/backend/node_modules/jest-runner/build/runTest.js:444:34)
    at Object.worker (/Users/angle/Documents/augment-projects/trend2zero/backend/node_modules/jest-runner/build/testWorker.js:106:12)</failure>
    </testcase>
    <testcase classname="Cache Utility › delete" name="should handle non-existent keys" time="0.005">
      <failure>TypeError: cache.clear is not a function
    at Object.clear (/Users/angle/Documents/augment-projects/trend2zero/backend/src/tests/utils/cache.test.js:5:15)
    at Promise.then.completed (/Users/angle/Documents/augment-projects/trend2zero/backend/node_modules/jest-circus/build/utils.js:298:28)
    at new Promise (&lt;anonymous&gt;)
    at callAsyncCircusFn (/Users/angle/Documents/augment-projects/trend2zero/backend/node_modules/jest-circus/build/utils.js:231:10)
    at _callCircusHook (/Users/angle/Documents/augment-projects/trend2zero/backend/node_modules/jest-circus/build/run.js:281:40)
    at processTicksAndRejections (node:internal/process/task_queues:105:5)
    at _runTest (/Users/angle/Documents/augment-projects/trend2zero/backend/node_modules/jest-circus/build/run.js:246:5)
    at _runTestsForDescribeBlock (/Users/angle/Documents/augment-projects/trend2zero/backend/node_modules/jest-circus/build/run.js:126:9)
    at _runTestsForDescribeBlock (/Users/angle/Documents/augment-projects/trend2zero/backend/node_modules/jest-circus/build/run.js:121:9)
    at _runTestsForDescribeBlock (/Users/angle/Documents/augment-projects/trend2zero/backend/node_modules/jest-circus/build/run.js:121:9)
    at run (/Users/angle/Documents/augment-projects/trend2zero/backend/node_modules/jest-circus/build/run.js:71:3)
    at runAndTransformResultsToJestFormat (/Users/angle/Documents/augment-projects/trend2zero/backend/node_modules/jest-circus/build/legacy-code-todo-rewrite/jestAdapterInit.js:122:21)
    at jestAdapter (/Users/angle/Documents/augment-projects/trend2zero/backend/node_modules/jest-circus/build/legacy-code-todo-rewrite/jestAdapter.js:79:19)
    at runTestInternal (/Users/angle/Documents/augment-projects/trend2zero/backend/node_modules/jest-runner/build/runTest.js:367:16)
    at runTest (/Users/angle/Documents/augment-projects/trend2zero/backend/node_modules/jest-runner/build/runTest.js:444:34)
    at Object.worker (/Users/angle/Documents/augment-projects/trend2zero/backend/node_modules/jest-runner/build/testWorker.js:106:12)</failure>
    </testcase>
    <testcase classname="Cache Utility › clear" name="should remove all values" time="0.001">
      <failure>TypeError: cache.clear is not a function
    at Object.clear (/Users/angle/Documents/augment-projects/trend2zero/backend/src/tests/utils/cache.test.js:5:15)
    at Promise.then.completed (/Users/angle/Documents/augment-projects/trend2zero/backend/node_modules/jest-circus/build/utils.js:298:28)
    at new Promise (&lt;anonymous&gt;)
    at callAsyncCircusFn (/Users/angle/Documents/augment-projects/trend2zero/backend/node_modules/jest-circus/build/utils.js:231:10)
    at _callCircusHook (/Users/angle/Documents/augment-projects/trend2zero/backend/node_modules/jest-circus/build/run.js:281:40)
    at processTicksAndRejections (node:internal/process/task_queues:105:5)
    at _runTest (/Users/angle/Documents/augment-projects/trend2zero/backend/node_modules/jest-circus/build/run.js:246:5)
    at _runTestsForDescribeBlock (/Users/angle/Documents/augment-projects/trend2zero/backend/node_modules/jest-circus/build/run.js:126:9)
    at _runTestsForDescribeBlock (/Users/angle/Documents/augment-projects/trend2zero/backend/node_modules/jest-circus/build/run.js:121:9)
    at _runTestsForDescribeBlock (/Users/angle/Documents/augment-projects/trend2zero/backend/node_modules/jest-circus/build/run.js:121:9)
    at run (/Users/angle/Documents/augment-projects/trend2zero/backend/node_modules/jest-circus/build/run.js:71:3)
    at runAndTransformResultsToJestFormat (/Users/angle/Documents/augment-projects/trend2zero/backend/node_modules/jest-circus/build/legacy-code-todo-rewrite/jestAdapterInit.js:122:21)
    at jestAdapter (/Users/angle/Documents/augment-projects/trend2zero/backend/node_modules/jest-circus/build/legacy-code-todo-rewrite/jestAdapter.js:79:19)
    at runTestInternal (/Users/angle/Documents/augment-projects/trend2zero/backend/node_modules/jest-runner/build/runTest.js:367:16)
    at runTest (/Users/angle/Documents/augment-projects/trend2zero/backend/node_modules/jest-runner/build/runTest.js:444:34)
    at Object.worker (/Users/angle/Documents/augment-projects/trend2zero/backend/node_modules/jest-runner/build/testWorker.js:106:12)</failure>
    </testcase>
    <testcase classname="Cache Utility › keys" name="should return all keys" time="0.001">
      <failure>TypeError: cache.clear is not a function
    at Object.clear (/Users/angle/Documents/augment-projects/trend2zero/backend/src/tests/utils/cache.test.js:5:15)
    at Promise.then.completed (/Users/angle/Documents/augment-projects/trend2zero/backend/node_modules/jest-circus/build/utils.js:298:28)
    at new Promise (&lt;anonymous&gt;)
    at callAsyncCircusFn (/Users/angle/Documents/augment-projects/trend2zero/backend/node_modules/jest-circus/build/utils.js:231:10)
    at _callCircusHook (/Users/angle/Documents/augment-projects/trend2zero/backend/node_modules/jest-circus/build/run.js:281:40)
    at processTicksAndRejections (node:internal/process/task_queues:105:5)
    at _runTest (/Users/angle/Documents/augment-projects/trend2zero/backend/node_modules/jest-circus/build/run.js:246:5)
    at _runTestsForDescribeBlock (/Users/angle/Documents/augment-projects/trend2zero/backend/node_modules/jest-circus/build/run.js:126:9)
    at _runTestsForDescribeBlock (/Users/angle/Documents/augment-projects/trend2zero/backend/node_modules/jest-circus/build/run.js:121:9)
    at _runTestsForDescribeBlock (/Users/angle/Documents/augment-projects/trend2zero/backend/node_modules/jest-circus/build/run.js:121:9)
    at run (/Users/angle/Documents/augment-projects/trend2zero/backend/node_modules/jest-circus/build/run.js:71:3)
    at runAndTransformResultsToJestFormat (/Users/angle/Documents/augment-projects/trend2zero/backend/node_modules/jest-circus/build/legacy-code-todo-rewrite/jestAdapterInit.js:122:21)
    at jestAdapter (/Users/angle/Documents/augment-projects/trend2zero/backend/node_modules/jest-circus/build/legacy-code-todo-rewrite/jestAdapter.js:79:19)
    at runTestInternal (/Users/angle/Documents/augment-projects/trend2zero/backend/node_modules/jest-runner/build/runTest.js:367:16)
    at runTest (/Users/angle/Documents/augment-projects/trend2zero/backend/node_modules/jest-runner/build/runTest.js:444:34)
    at Object.worker (/Users/angle/Documents/augment-projects/trend2zero/backend/node_modules/jest-runner/build/testWorker.js:106:12)</failure>
    </testcase>
    <testcase classname="Cache Utility › keys" name="should return empty array when cache is empty" time="0.001">
      <failure>TypeError: cache.clear is not a function
    at Object.clear (/Users/angle/Documents/augment-projects/trend2zero/backend/src/tests/utils/cache.test.js:5:15)
    at Promise.then.completed (/Users/angle/Documents/augment-projects/trend2zero/backend/node_modules/jest-circus/build/utils.js:298:28)
    at new Promise (&lt;anonymous&gt;)
    at callAsyncCircusFn (/Users/angle/Documents/augment-projects/trend2zero/backend/node_modules/jest-circus/build/utils.js:231:10)
    at _callCircusHook (/Users/angle/Documents/augment-projects/trend2zero/backend/node_modules/jest-circus/build/run.js:281:40)
    at processTicksAndRejections (node:internal/process/task_queues:105:5)
    at _runTest (/Users/angle/Documents/augment-projects/trend2zero/backend/node_modules/jest-circus/build/run.js:246:5)
    at _runTestsForDescribeBlock (/Users/angle/Documents/augment-projects/trend2zero/backend/node_modules/jest-circus/build/run.js:126:9)
    at _runTestsForDescribeBlock (/Users/angle/Documents/augment-projects/trend2zero/backend/node_modules/jest-circus/build/run.js:121:9)
    at _runTestsForDescribeBlock (/Users/angle/Documents/augment-projects/trend2zero/backend/node_modules/jest-circus/build/run.js:121:9)
    at run (/Users/angle/Documents/augment-projects/trend2zero/backend/node_modules/jest-circus/build/run.js:71:3)
    at runAndTransformResultsToJestFormat (/Users/angle/Documents/augment-projects/trend2zero/backend/node_modules/jest-circus/build/legacy-code-todo-rewrite/jestAdapterInit.js:122:21)
    at jestAdapter (/Users/angle/Documents/augment-projects/trend2zero/backend/node_modules/jest-circus/build/legacy-code-todo-rewrite/jestAdapter.js:79:19)
    at runTestInternal (/Users/angle/Documents/augment-projects/trend2zero/backend/node_modules/jest-runner/build/runTest.js:367:16)
    at runTest (/Users/angle/Documents/augment-projects/trend2zero/backend/node_modules/jest-runner/build/runTest.js:444:34)
    at Object.worker (/Users/angle/Documents/augment-projects/trend2zero/backend/node_modules/jest-runner/build/testWorker.js:106:12)</failure>
    </testcase>
    <testcase classname="Cache Utility › size" name="should return number of items" time="0">
      <failure>TypeError: cache.clear is not a function
    at Object.clear (/Users/angle/Documents/augment-projects/trend2zero/backend/src/tests/utils/cache.test.js:5:15)
    at Promise.then.completed (/Users/angle/Documents/augment-projects/trend2zero/backend/node_modules/jest-circus/build/utils.js:298:28)
    at new Promise (&lt;anonymous&gt;)
    at callAsyncCircusFn (/Users/angle/Documents/augment-projects/trend2zero/backend/node_modules/jest-circus/build/utils.js:231:10)
    at _callCircusHook (/Users/angle/Documents/augment-projects/trend2zero/backend/node_modules/jest-circus/build/run.js:281:40)
    at processTicksAndRejections (node:internal/process/task_queues:105:5)
    at _runTest (/Users/angle/Documents/augment-projects/trend2zero/backend/node_modules/jest-circus/build/run.js:246:5)
    at _runTestsForDescribeBlock (/Users/angle/Documents/augment-projects/trend2zero/backend/node_modules/jest-circus/build/run.js:126:9)
    at _runTestsForDescribeBlock (/Users/angle/Documents/augment-projects/trend2zero/backend/node_modules/jest-circus/build/run.js:121:9)
    at _runTestsForDescribeBlock (/Users/angle/Documents/augment-projects/trend2zero/backend/node_modules/jest-circus/build/run.js:121:9)
    at run (/Users/angle/Documents/augment-projects/trend2zero/backend/node_modules/jest-circus/build/run.js:71:3)
    at runAndTransformResultsToJestFormat (/Users/angle/Documents/augment-projects/trend2zero/backend/node_modules/jest-circus/build/legacy-code-todo-rewrite/jestAdapterInit.js:122:21)
    at jestAdapter (/Users/angle/Documents/augment-projects/trend2zero/backend/node_modules/jest-circus/build/legacy-code-todo-rewrite/jestAdapter.js:79:19)
    at runTestInternal (/Users/angle/Documents/augment-projects/trend2zero/backend/node_modules/jest-runner/build/runTest.js:367:16)
    at runTest (/Users/angle/Documents/augment-projects/trend2zero/backend/node_modules/jest-runner/build/runTest.js:444:34)
    at Object.worker (/Users/angle/Documents/augment-projects/trend2zero/backend/node_modules/jest-runner/build/testWorker.js:106:12)</failure>
    </testcase>
    <testcase classname="Cache Utility › size" name="should update after deletions" time="0">
      <failure>TypeError: cache.clear is not a function
    at Object.clear (/Users/angle/Documents/augment-projects/trend2zero/backend/src/tests/utils/cache.test.js:5:15)
    at Promise.then.completed (/Users/angle/Documents/augment-projects/trend2zero/backend/node_modules/jest-circus/build/utils.js:298:28)
    at new Promise (&lt;anonymous&gt;)
    at callAsyncCircusFn (/Users/angle/Documents/augment-projects/trend2zero/backend/node_modules/jest-circus/build/utils.js:231:10)
    at _callCircusHook (/Users/angle/Documents/augment-projects/trend2zero/backend/node_modules/jest-circus/build/run.js:281:40)
    at processTicksAndRejections (node:internal/process/task_queues:105:5)
    at _runTest (/Users/angle/Documents/augment-projects/trend2zero/backend/node_modules/jest-circus/build/run.js:246:5)
    at _runTestsForDescribeBlock (/Users/angle/Documents/augment-projects/trend2zero/backend/node_modules/jest-circus/build/run.js:126:9)
    at _runTestsForDescribeBlock (/Users/angle/Documents/augment-projects/trend2zero/backend/node_modules/jest-circus/build/run.js:121:9)
    at _runTestsForDescribeBlock (/Users/angle/Documents/augment-projects/trend2zero/backend/node_modules/jest-circus/build/run.js:121:9)
    at run (/Users/angle/Documents/augment-projects/trend2zero/backend/node_modules/jest-circus/build/run.js:71:3)
    at runAndTransformResultsToJestFormat (/Users/angle/Documents/augment-projects/trend2zero/backend/node_modules/jest-circus/build/legacy-code-todo-rewrite/jestAdapterInit.js:122:21)
    at jestAdapter (/Users/angle/Documents/augment-projects/trend2zero/backend/node_modules/jest-circus/build/legacy-code-todo-rewrite/jestAdapter.js:79:19)
    at runTestInternal (/Users/angle/Documents/augment-projects/trend2zero/backend/node_modules/jest-runner/build/runTest.js:367:16)
    at runTest (/Users/angle/Documents/augment-projects/trend2zero/backend/node_modules/jest-runner/build/runTest.js:444:34)
    at Object.worker (/Users/angle/Documents/augment-projects/trend2zero/backend/node_modules/jest-runner/build/testWorker.js:106:12)</failure>
    </testcase>
    <testcase classname="Cache Utility › has" name="should check for existence" time="0.001">
      <failure>TypeError: cache.clear is not a function
    at Object.clear (/Users/angle/Documents/augment-projects/trend2zero/backend/src/tests/utils/cache.test.js:5:15)
    at Promise.then.completed (/Users/angle/Documents/augment-projects/trend2zero/backend/node_modules/jest-circus/build/utils.js:298:28)
    at new Promise (&lt;anonymous&gt;)
    at callAsyncCircusFn (/Users/angle/Documents/augment-projects/trend2zero/backend/node_modules/jest-circus/build/utils.js:231:10)
    at _callCircusHook (/Users/angle/Documents/augment-projects/trend2zero/backend/node_modules/jest-circus/build/run.js:281:40)
    at processTicksAndRejections (node:internal/process/task_queues:105:5)
    at _runTest (/Users/angle/Documents/augment-projects/trend2zero/backend/node_modules/jest-circus/build/run.js:246:5)
    at _runTestsForDescribeBlock (/Users/angle/Documents/augment-projects/trend2zero/backend/node_modules/jest-circus/build/run.js:126:9)
    at _runTestsForDescribeBlock (/Users/angle/Documents/augment-projects/trend2zero/backend/node_modules/jest-circus/build/run.js:121:9)
    at _runTestsForDescribeBlock (/Users/angle/Documents/augment-projects/trend2zero/backend/node_modules/jest-circus/build/run.js:121:9)
    at run (/Users/angle/Documents/augment-projects/trend2zero/backend/node_modules/jest-circus/build/run.js:71:3)
    at runAndTransformResultsToJestFormat (/Users/angle/Documents/augment-projects/trend2zero/backend/node_modules/jest-circus/build/legacy-code-todo-rewrite/jestAdapterInit.js:122:21)
    at jestAdapter (/Users/angle/Documents/augment-projects/trend2zero/backend/node_modules/jest-circus/build/legacy-code-todo-rewrite/jestAdapter.js:79:19)
    at runTestInternal (/Users/angle/Documents/augment-projects/trend2zero/backend/node_modules/jest-runner/build/runTest.js:367:16)
    at runTest (/Users/angle/Documents/augment-projects/trend2zero/backend/node_modules/jest-runner/build/runTest.js:444:34)
    at Object.worker (/Users/angle/Documents/augment-projects/trend2zero/backend/node_modules/jest-runner/build/testWorker.js:106:12)</failure>
    </testcase>
    <testcase classname="Cache Utility › has" name="should respect TTL" time="0">
      <failure>TypeError: cache.clear is not a function
    at Object.clear (/Users/angle/Documents/augment-projects/trend2zero/backend/src/tests/utils/cache.test.js:5:15)
    at Promise.then.completed (/Users/angle/Documents/augment-projects/trend2zero/backend/node_modules/jest-circus/build/utils.js:298:28)
    at new Promise (&lt;anonymous&gt;)
    at callAsyncCircusFn (/Users/angle/Documents/augment-projects/trend2zero/backend/node_modules/jest-circus/build/utils.js:231:10)
    at _callCircusHook (/Users/angle/Documents/augment-projects/trend2zero/backend/node_modules/jest-circus/build/run.js:281:40)
    at processTicksAndRejections (node:internal/process/task_queues:105:5)
    at _runTest (/Users/angle/Documents/augment-projects/trend2zero/backend/node_modules/jest-circus/build/run.js:246:5)
    at _runTestsForDescribeBlock (/Users/angle/Documents/augment-projects/trend2zero/backend/node_modules/jest-circus/build/run.js:126:9)
    at _runTestsForDescribeBlock (/Users/angle/Documents/augment-projects/trend2zero/backend/node_modules/jest-circus/build/run.js:121:9)
    at _runTestsForDescribeBlock (/Users/angle/Documents/augment-projects/trend2zero/backend/node_modules/jest-circus/build/run.js:121:9)
    at run (/Users/angle/Documents/augment-projects/trend2zero/backend/node_modules/jest-circus/build/run.js:71:3)
    at runAndTransformResultsToJestFormat (/Users/angle/Documents/augment-projects/trend2zero/backend/node_modules/jest-circus/build/legacy-code-todo-rewrite/jestAdapterInit.js:122:21)
    at jestAdapter (/Users/angle/Documents/augment-projects/trend2zero/backend/node_modules/jest-circus/build/legacy-code-todo-rewrite/jestAdapter.js:79:19)
    at runTestInternal (/Users/angle/Documents/augment-projects/trend2zero/backend/node_modules/jest-runner/build/runTest.js:367:16)
    at runTest (/Users/angle/Documents/augment-projects/trend2zero/backend/node_modules/jest-runner/build/runTest.js:444:34)
    at Object.worker (/Users/angle/Documents/augment-projects/trend2zero/backend/node_modules/jest-runner/build/testWorker.js:106:12)</failure>
    </testcase>
    <testcase classname="Cache Utility › ttl" name="should return remaining time" time="0">
      <failure>TypeError: cache.clear is not a function
    at Object.clear (/Users/angle/Documents/augment-projects/trend2zero/backend/src/tests/utils/cache.test.js:5:15)
    at Promise.then.completed (/Users/angle/Documents/augment-projects/trend2zero/backend/node_modules/jest-circus/build/utils.js:298:28)
    at new Promise (&lt;anonymous&gt;)
    at callAsyncCircusFn (/Users/angle/Documents/augment-projects/trend2zero/backend/node_modules/jest-circus/build/utils.js:231:10)
    at _callCircusHook (/Users/angle/Documents/augment-projects/trend2zero/backend/node_modules/jest-circus/build/run.js:281:40)
    at processTicksAndRejections (node:internal/process/task_queues:105:5)
    at _runTest (/Users/angle/Documents/augment-projects/trend2zero/backend/node_modules/jest-circus/build/run.js:246:5)
    at _runTestsForDescribeBlock (/Users/angle/Documents/augment-projects/trend2zero/backend/node_modules/jest-circus/build/run.js:126:9)
    at _runTestsForDescribeBlock (/Users/angle/Documents/augment-projects/trend2zero/backend/node_modules/jest-circus/build/run.js:121:9)
    at _runTestsForDescribeBlock (/Users/angle/Documents/augment-projects/trend2zero/backend/node_modules/jest-circus/build/run.js:121:9)
    at run (/Users/angle/Documents/augment-projects/trend2zero/backend/node_modules/jest-circus/build/run.js:71:3)
    at runAndTransformResultsToJestFormat (/Users/angle/Documents/augment-projects/trend2zero/backend/node_modules/jest-circus/build/legacy-code-todo-rewrite/jestAdapterInit.js:122:21)
    at jestAdapter (/Users/angle/Documents/augment-projects/trend2zero/backend/node_modules/jest-circus/build/legacy-code-todo-rewrite/jestAdapter.js:79:19)
    at runTestInternal (/Users/angle/Documents/augment-projects/trend2zero/backend/node_modules/jest-runner/build/runTest.js:367:16)
    at runTest (/Users/angle/Documents/augment-projects/trend2zero/backend/node_modules/jest-runner/build/runTest.js:444:34)
    at Object.worker (/Users/angle/Documents/augment-projects/trend2zero/backend/node_modules/jest-runner/build/testWorker.js:106:12)</failure>
    </testcase>
    <testcase classname="Cache Utility › ttl" name="should return -1 for non-existent keys" time="0.001">
      <failure>TypeError: cache.clear is not a function
    at Object.clear (/Users/angle/Documents/augment-projects/trend2zero/backend/src/tests/utils/cache.test.js:5:15)
    at Promise.then.completed (/Users/angle/Documents/augment-projects/trend2zero/backend/node_modules/jest-circus/build/utils.js:298:28)
    at new Promise (&lt;anonymous&gt;)
    at callAsyncCircusFn (/Users/angle/Documents/augment-projects/trend2zero/backend/node_modules/jest-circus/build/utils.js:231:10)
    at _callCircusHook (/Users/angle/Documents/augment-projects/trend2zero/backend/node_modules/jest-circus/build/run.js:281:40)
    at processTicksAndRejections (node:internal/process/task_queues:105:5)
    at _runTest (/Users/angle/Documents/augment-projects/trend2zero/backend/node_modules/jest-circus/build/run.js:246:5)
    at _runTestsForDescribeBlock (/Users/angle/Documents/augment-projects/trend2zero/backend/node_modules/jest-circus/build/run.js:126:9)
    at _runTestsForDescribeBlock (/Users/angle/Documents/augment-projects/trend2zero/backend/node_modules/jest-circus/build/run.js:121:9)
    at _runTestsForDescribeBlock (/Users/angle/Documents/augment-projects/trend2zero/backend/node_modules/jest-circus/build/run.js:121:9)
    at run (/Users/angle/Documents/augment-projects/trend2zero/backend/node_modules/jest-circus/build/run.js:71:3)
    at runAndTransformResultsToJestFormat (/Users/angle/Documents/augment-projects/trend2zero/backend/node_modules/jest-circus/build/legacy-code-todo-rewrite/jestAdapterInit.js:122:21)
    at jestAdapter (/Users/angle/Documents/augment-projects/trend2zero/backend/node_modules/jest-circus/build/legacy-code-todo-rewrite/jestAdapter.js:79:19)
    at runTestInternal (/Users/angle/Documents/augment-projects/trend2zero/backend/node_modules/jest-runner/build/runTest.js:367:16)
    at runTest (/Users/angle/Documents/augment-projects/trend2zero/backend/node_modules/jest-runner/build/runTest.js:444:34)
    at Object.worker (/Users/angle/Documents/augment-projects/trend2zero/backend/node_modules/jest-runner/build/testWorker.js:106:12)</failure>
    </testcase>
    <testcase classname="Cache Utility › ttl" name="should return -1 for expired keys" time="0">
      <failure>TypeError: cache.clear is not a function
    at Object.clear (/Users/angle/Documents/augment-projects/trend2zero/backend/src/tests/utils/cache.test.js:5:15)
    at Promise.then.completed (/Users/angle/Documents/augment-projects/trend2zero/backend/node_modules/jest-circus/build/utils.js:298:28)
    at new Promise (&lt;anonymous&gt;)
    at callAsyncCircusFn (/Users/angle/Documents/augment-projects/trend2zero/backend/node_modules/jest-circus/build/utils.js:231:10)
    at _callCircusHook (/Users/angle/Documents/augment-projects/trend2zero/backend/node_modules/jest-circus/build/run.js:281:40)
    at processTicksAndRejections (node:internal/process/task_queues:105:5)
    at _runTest (/Users/angle/Documents/augment-projects/trend2zero/backend/node_modules/jest-circus/build/run.js:246:5)
    at _runTestsForDescribeBlock (/Users/angle/Documents/augment-projects/trend2zero/backend/node_modules/jest-circus/build/run.js:126:9)
    at _runTestsForDescribeBlock (/Users/angle/Documents/augment-projects/trend2zero/backend/node_modules/jest-circus/build/run.js:121:9)
    at _runTestsForDescribeBlock (/Users/angle/Documents/augment-projects/trend2zero/backend/node_modules/jest-circus/build/run.js:121:9)
    at run (/Users/angle/Documents/augment-projects/trend2zero/backend/node_modules/jest-circus/build/run.js:71:3)
    at runAndTransformResultsToJestFormat (/Users/angle/Documents/augment-projects/trend2zero/backend/node_modules/jest-circus/build/legacy-code-todo-rewrite/jestAdapterInit.js:122:21)
    at jestAdapter (/Users/angle/Documents/augment-projects/trend2zero/backend/node_modules/jest-circus/build/legacy-code-todo-rewrite/jestAdapter.js:79:19)
    at runTestInternal (/Users/angle/Documents/augment-projects/trend2zero/backend/node_modules/jest-runner/build/runTest.js:367:16)
    at runTest (/Users/angle/Documents/augment-projects/trend2zero/backend/node_modules/jest-runner/build/runTest.js:444:34)
    at Object.worker (/Users/angle/Documents/augment-projects/trend2zero/backend/node_modules/jest-runner/build/testWorker.js:106:12)</failure>
    </testcase>
    <testcase classname="Cache Utility › edge cases" name="should handle undefined values" time="0">
      <failure>TypeError: cache.clear is not a function
    at Object.clear (/Users/angle/Documents/augment-projects/trend2zero/backend/src/tests/utils/cache.test.js:5:15)
    at Promise.then.completed (/Users/angle/Documents/augment-projects/trend2zero/backend/node_modules/jest-circus/build/utils.js:298:28)
    at new Promise (&lt;anonymous&gt;)
    at callAsyncCircusFn (/Users/angle/Documents/augment-projects/trend2zero/backend/node_modules/jest-circus/build/utils.js:231:10)
    at _callCircusHook (/Users/angle/Documents/augment-projects/trend2zero/backend/node_modules/jest-circus/build/run.js:281:40)
    at processTicksAndRejections (node:internal/process/task_queues:105:5)
    at _runTest (/Users/angle/Documents/augment-projects/trend2zero/backend/node_modules/jest-circus/build/run.js:246:5)
    at _runTestsForDescribeBlock (/Users/angle/Documents/augment-projects/trend2zero/backend/node_modules/jest-circus/build/run.js:126:9)
    at _runTestsForDescribeBlock (/Users/angle/Documents/augment-projects/trend2zero/backend/node_modules/jest-circus/build/run.js:121:9)
    at _runTestsForDescribeBlock (/Users/angle/Documents/augment-projects/trend2zero/backend/node_modules/jest-circus/build/run.js:121:9)
    at run (/Users/angle/Documents/augment-projects/trend2zero/backend/node_modules/jest-circus/build/run.js:71:3)
    at runAndTransformResultsToJestFormat (/Users/angle/Documents/augment-projects/trend2zero/backend/node_modules/jest-circus/build/legacy-code-todo-rewrite/jestAdapterInit.js:122:21)
    at jestAdapter (/Users/angle/Documents/augment-projects/trend2zero/backend/node_modules/jest-circus/build/legacy-code-todo-rewrite/jestAdapter.js:79:19)
    at runTestInternal (/Users/angle/Documents/augment-projects/trend2zero/backend/node_modules/jest-runner/build/runTest.js:367:16)
    at runTest (/Users/angle/Documents/augment-projects/trend2zero/backend/node_modules/jest-runner/build/runTest.js:444:34)
    at Object.worker (/Users/angle/Documents/augment-projects/trend2zero/backend/node_modules/jest-runner/build/testWorker.js:106:12)</failure>
    </testcase>
    <testcase classname="Cache Utility › edge cases" name="should handle null values" time="0">
      <failure>TypeError: cache.clear is not a function
    at Object.clear (/Users/angle/Documents/augment-projects/trend2zero/backend/src/tests/utils/cache.test.js:5:15)
    at Promise.then.completed (/Users/angle/Documents/augment-projects/trend2zero/backend/node_modules/jest-circus/build/utils.js:298:28)
    at new Promise (&lt;anonymous&gt;)
    at callAsyncCircusFn (/Users/angle/Documents/augment-projects/trend2zero/backend/node_modules/jest-circus/build/utils.js:231:10)
    at _callCircusHook (/Users/angle/Documents/augment-projects/trend2zero/backend/node_modules/jest-circus/build/run.js:281:40)
    at processTicksAndRejections (node:internal/process/task_queues:105:5)
    at _runTest (/Users/angle/Documents/augment-projects/trend2zero/backend/node_modules/jest-circus/build/run.js:246:5)
    at _runTestsForDescribeBlock (/Users/angle/Documents/augment-projects/trend2zero/backend/node_modules/jest-circus/build/run.js:126:9)
    at _runTestsForDescribeBlock (/Users/angle/Documents/augment-projects/trend2zero/backend/node_modules/jest-circus/build/run.js:121:9)
    at _runTestsForDescribeBlock (/Users/angle/Documents/augment-projects/trend2zero/backend/node_modules/jest-circus/build/run.js:121:9)
    at run (/Users/angle/Documents/augment-projects/trend2zero/backend/node_modules/jest-circus/build/run.js:71:3)
    at runAndTransformResultsToJestFormat (/Users/angle/Documents/augment-projects/trend2zero/backend/node_modules/jest-circus/build/legacy-code-todo-rewrite/jestAdapterInit.js:122:21)
    at jestAdapter (/Users/angle/Documents/augment-projects/trend2zero/backend/node_modules/jest-circus/build/legacy-code-todo-rewrite/jestAdapter.js:79:19)
    at runTestInternal (/Users/angle/Documents/augment-projects/trend2zero/backend/node_modules/jest-runner/build/runTest.js:367:16)
    at runTest (/Users/angle/Documents/augment-projects/trend2zero/backend/node_modules/jest-runner/build/runTest.js:444:34)
    at Object.worker (/Users/angle/Documents/augment-projects/trend2zero/backend/node_modules/jest-runner/build/testWorker.js:106:12)</failure>
    </testcase>
    <testcase classname="Cache Utility › edge cases" name="should handle zero TTL" time="0">
      <failure>TypeError: cache.clear is not a function
    at Object.clear (/Users/angle/Documents/augment-projects/trend2zero/backend/src/tests/utils/cache.test.js:5:15)
    at Promise.then.completed (/Users/angle/Documents/augment-projects/trend2zero/backend/node_modules/jest-circus/build/utils.js:298:28)
    at new Promise (&lt;anonymous&gt;)
    at callAsyncCircusFn (/Users/angle/Documents/augment-projects/trend2zero/backend/node_modules/jest-circus/build/utils.js:231:10)
    at _callCircusHook (/Users/angle/Documents/augment-projects/trend2zero/backend/node_modules/jest-circus/build/run.js:281:40)
    at processTicksAndRejections (node:internal/process/task_queues:105:5)
    at _runTest (/Users/angle/Documents/augment-projects/trend2zero/backend/node_modules/jest-circus/build/run.js:246:5)
    at _runTestsForDescribeBlock (/Users/angle/Documents/augment-projects/trend2zero/backend/node_modules/jest-circus/build/run.js:126:9)
    at _runTestsForDescribeBlock (/Users/angle/Documents/augment-projects/trend2zero/backend/node_modules/jest-circus/build/run.js:121:9)
    at _runTestsForDescribeBlock (/Users/angle/Documents/augment-projects/trend2zero/backend/node_modules/jest-circus/build/run.js:121:9)
    at run (/Users/angle/Documents/augment-projects/trend2zero/backend/node_modules/jest-circus/build/run.js:71:3)
    at runAndTransformResultsToJestFormat (/Users/angle/Documents/augment-projects/trend2zero/backend/node_modules/jest-circus/build/legacy-code-todo-rewrite/jestAdapterInit.js:122:21)
    at jestAdapter (/Users/angle/Documents/augment-projects/trend2zero/backend/node_modules/jest-circus/build/legacy-code-todo-rewrite/jestAdapter.js:79:19)
    at runTestInternal (/Users/angle/Documents/augment-projects/trend2zero/backend/node_modules/jest-runner/build/runTest.js:367:16)
    at runTest (/Users/angle/Documents/augment-projects/trend2zero/backend/node_modules/jest-runner/build/runTest.js:444:34)
    at Object.worker (/Users/angle/Documents/augment-projects/trend2zero/backend/node_modules/jest-runner/build/testWorker.js:106:12)</failure>
    </testcase>
    <testcase classname="Cache Utility › edge cases" name="should handle negative TTL" time="0">
      <failure>TypeError: cache.clear is not a function
    at Object.clear (/Users/angle/Documents/augment-projects/trend2zero/backend/src/tests/utils/cache.test.js:5:15)
    at Promise.then.completed (/Users/angle/Documents/augment-projects/trend2zero/backend/node_modules/jest-circus/build/utils.js:298:28)
    at new Promise (&lt;anonymous&gt;)
    at callAsyncCircusFn (/Users/angle/Documents/augment-projects/trend2zero/backend/node_modules/jest-circus/build/utils.js:231:10)
    at _callCircusHook (/Users/angle/Documents/augment-projects/trend2zero/backend/node_modules/jest-circus/build/run.js:281:40)
    at processTicksAndRejections (node:internal/process/task_queues:105:5)
    at _runTest (/Users/angle/Documents/augment-projects/trend2zero/backend/node_modules/jest-circus/build/run.js:246:5)
    at _runTestsForDescribeBlock (/Users/angle/Documents/augment-projects/trend2zero/backend/node_modules/jest-circus/build/run.js:126:9)
    at _runTestsForDescribeBlock (/Users/angle/Documents/augment-projects/trend2zero/backend/node_modules/jest-circus/build/run.js:121:9)
    at _runTestsForDescribeBlock (/Users/angle/Documents/augment-projects/trend2zero/backend/node_modules/jest-circus/build/run.js:121:9)
    at run (/Users/angle/Documents/augment-projects/trend2zero/backend/node_modules/jest-circus/build/run.js:71:3)
    at runAndTransformResultsToJestFormat (/Users/angle/Documents/augment-projects/trend2zero/backend/node_modules/jest-circus/build/legacy-code-todo-rewrite/jestAdapterInit.js:122:21)
    at jestAdapter (/Users/angle/Documents/augment-projects/trend2zero/backend/node_modules/jest-circus/build/legacy-code-todo-rewrite/jestAdapter.js:79:19)
    at runTestInternal (/Users/angle/Documents/augment-projects/trend2zero/backend/node_modules/jest-runner/build/runTest.js:367:16)
    at runTest (/Users/angle/Documents/augment-projects/trend2zero/backend/node_modules/jest-runner/build/runTest.js:444:34)
    at Object.worker (/Users/angle/Documents/augment-projects/trend2zero/backend/node_modules/jest-runner/build/testWorker.js:106:12)</failure>
    </testcase>
    <testcase classname="Cache Utility › edge cases" name="should handle very large TTL" time="0">
      <failure>TypeError: cache.clear is not a function
    at Object.clear (/Users/angle/Documents/augment-projects/trend2zero/backend/src/tests/utils/cache.test.js:5:15)
    at Promise.then.completed (/Users/angle/Documents/augment-projects/trend2zero/backend/node_modules/jest-circus/build/utils.js:298:28)
    at new Promise (&lt;anonymous&gt;)
    at callAsyncCircusFn (/Users/angle/Documents/augment-projects/trend2zero/backend/node_modules/jest-circus/build/utils.js:231:10)
    at _callCircusHook (/Users/angle/Documents/augment-projects/trend2zero/backend/node_modules/jest-circus/build/run.js:281:40)
    at processTicksAndRejections (node:internal/process/task_queues:105:5)
    at _runTest (/Users/angle/Documents/augment-projects/trend2zero/backend/node_modules/jest-circus/build/run.js:246:5)
    at _runTestsForDescribeBlock (/Users/angle/Documents/augment-projects/trend2zero/backend/node_modules/jest-circus/build/run.js:126:9)
    at _runTestsForDescribeBlock (/Users/angle/Documents/augment-projects/trend2zero/backend/node_modules/jest-circus/build/run.js:121:9)
    at _runTestsForDescribeBlock (/Users/angle/Documents/augment-projects/trend2zero/backend/node_modules/jest-circus/build/run.js:121:9)
    at run (/Users/angle/Documents/augment-projects/trend2zero/backend/node_modules/jest-circus/build/run.js:71:3)
[...]
    </testcase>
  </testsuite>
  <testsuite name="Auth Controller Integration Tests" errors="0" failures="10" skipped="0" timestamp="2025-04-09T19:26:15" time="100.804" tests="10">
    <testcase classname="Auth Controller Integration Tests › POST /api/users/signup" name="should create a new user and return a token" time="10.007">
      <failure>Error: thrown: &quot;Exceeded timeout of 10000 ms for a hook.
Add a timeout value to this test to increase the timeout, if this is a long-running test. See https://jestjs.io/docs/api#testname-fn-timeout.&quot;
    at beforeEach (/Users/angle/Documents/augment-projects/trend2zero/backend/src/tests/controllers/authController.integration.test.js:7:5)
    at _dispatchDescribe (/Users/angle/Documents/augment-projects/trend2zero/backend/node_modules/jest-circus/build/index.js:91:26)
    at describe (/Users/angle/Documents/augment-projects/trend2zero/backend/node_modules/jest-circus/build/index.js:55:5)
    at Object.describe (/Users/angle/Documents/augment-projects/trend2zero/backend/src/tests/controllers/authController.integration.test.js:6:1)
    at Runtime._execModule (/Users/angle/Documents/augment-projects/trend2zero/backend/node_modules/jest-runtime/build/index.js:1439:24)
    at Runtime._loadModule (/Users/angle/Documents/augment-projects/trend2zero/backend/node_modules/jest-runtime/build/index.js:1022:12)
    at Runtime.requireModule (/Users/angle/Documents/augment-projects/trend2zero/backend/node_modules/jest-runtime/build/index.js:882:12)
    at jestAdapter (/Users/angle/Documents/augment-projects/trend2zero/backend/node_modules/jest-circus/build/legacy-code-todo-rewrite/jestAdapter.js:77:13)
    at processTicksAndRejections (node:internal/process/task_queues:105:5)
    at runTestInternal (/Users/angle/Documents/augment-projects/trend2zero/backend/node_modules/jest-runner/build/runTest.js:367:16)
    at runTest (/Users/angle/Documents/augment-projects/trend2zero/backend/node_modules/jest-runner/build/runTest.js:444:34)
    at Object.worker (/Users/angle/Documents/augment-projects/trend2zero/backend/node_modules/jest-runner/build/testWorker.js:106:12)</failure>
    </testcase>
    <testcase classname="Auth Controller Integration Tests › POST /api/users/signup" name="should return 400 if passwords do not match" time="10.005">
      <failure>Error: thrown: &quot;Exceeded timeout of 10000 ms for a hook.
Add a timeout value to this test to increase the timeout, if this is a long-running test. See https://jestjs.io/docs/api#testname-fn-timeout.&quot;
    at beforeEach (/Users/angle/Documents/augment-projects/trend2zero/backend/src/tests/controllers/authController.integration.test.js:7:5)
    at _dispatchDescribe (/Users/angle/Documents/augment-projects/trend2zero/backend/node_modules/jest-circus/build/index.js:91:26)
    at describe (/Users/angle/Documents/augment-projects/trend2zero/backend/node_modules/jest-circus/build/index.js:55:5)
    at Object.describe (/Users/angle/Documents/augment-projects/trend2zero/backend/src/tests/controllers/authController.integration.test.js:6:1)
    at Runtime._execModule (/Users/angle/Documents/augment-projects/trend2zero/backend/node_modules/jest-runtime/build/index.js:1439:24)
    at Runtime._loadModule (/Users/angle/Documents/augment-projects/trend2zero/backend/node_modules/jest-runtime/build/index.js:1022:12)
    at Runtime.requireModule (/Users/angle/Documents/augment-projects/trend2zero/backend/node_modules/jest-runtime/build/index.js:882:12)
    at jestAdapter (/Users/angle/Documents/augment-projects/trend2zero/backend/node_modules/jest-circus/build/legacy-code-todo-rewrite/jestAdapter.js:77:13)
    at processTicksAndRejections (node:internal/process/task_queues:105:5)
    at runTestInternal (/Users/angle/Documents/augment-projects/trend2zero/backend/node_modules/jest-runner/build/runTest.js:367:16)
    at runTest (/Users/angle/Documents/augment-projects/trend2zero/backend/node_modules/jest-runner/build/runTest.js:444:34)
    at Object.worker (/Users/angle/Documents/augment-projects/trend2zero/backend/node_modules/jest-runner/build/testWorker.js:106:12)</failure>
    </testcase>
    <testcase classname="Auth Controller Integration Tests › POST /api/users/signup" name="should return 400 if email is already in use" time="10.002">
      <failure>Error: thrown: &quot;Exceeded timeout of 10000 ms for a hook.
Add a timeout value to this test to increase the timeout, if this is a long-running test. See https://jestjs.io/docs/api#testname-fn-timeout.&quot;
    at beforeEach (/Users/angle/Documents/augment-projects/trend2zero/backend/src/tests/controllers/authController.integration.test.js:7:5)
    at _dispatchDescribe (/Users/angle/Documents/augment-projects/trend2zero/backend/node_modules/jest-circus/build/index.js:91:26)
    at describe (/Users/angle/Documents/augment-projects/trend2zero/backend/node_modules/jest-circus/build/index.js:55:5)
    at Object.describe (/Users/angle/Documents/augment-projects/trend2zero/backend/src/tests/controllers/authController.integration.test.js:6:1)
    at Runtime._execModule (/Users/angle/Documents/augment-projects/trend2zero/backend/node_modules/jest-runtime/build/index.js:1439:24)
    at Runtime._loadModule (/Users/angle/Documents/augment-projects/trend2zero/backend/node_modules/jest-runtime/build/index.js:1022:12)
    at Runtime.requireModule (/Users/angle/Documents/augment-projects/trend2zero/backend/node_modules/jest-runtime/build/index.js:882:12)
    at jestAdapter (/Users/angle/Documents/augment-projects/trend2zero/backend/node_modules/jest-circus/build/legacy-code-todo-rewrite/jestAdapter.js:77:13)
    at processTicksAndRejections (node:internal/process/task_queues:105:5)
    at runTestInternal (/Users/angle/Documents/augment-projects/trend2zero/backend/node_modules/jest-runner/build/runTest.js:367:16)
    at runTest (/Users/angle/Documents/augment-projects/trend2zero/backend/node_modules/jest-runner/build/runTest.js:444:34)
    at Object.worker (/Users/angle/Documents/augment-projects/trend2zero/backend/node_modules/jest-runner/build/testWorker.js:106:12)</failure>
    </testcase>
    <testcase classname="Auth Controller Integration Tests › POST /api/users/login" name="should login user and return a token" time="10.008">
      <failure>Error: thrown: &quot;Exceeded timeout of 10000 ms for a hook.
Add a timeout value to this test to increase the timeout, if this is a long-running test. See https://jestjs.io/docs/api#testname-fn-timeout.&quot;
    at beforeEach (/Users/angle/Documents/augment-projects/trend2zero/backend/src/tests/controllers/authController.integration.test.js:7:5)
    at _dispatchDescribe (/Users/angle/Documents/augment-projects/trend2zero/backend/node_modules/jest-circus/build/index.js:91:26)
    at describe (/Users/angle/Documents/augment-projects/trend2zero/backend/node_modules/jest-circus/build/index.js:55:5)
    at Object.describe (/Users/angle/Documents/augment-projects/trend2zero/backend/src/tests/controllers/authController.integration.test.js:6:1)
    at Runtime._execModule (/Users/angle/Documents/augment-projects/trend2zero/backend/node_modules/jest-runtime/build/index.js:1439:24)
    at Runtime._loadModule (/Users/angle/Documents/augment-projects/trend2zero/backend/node_modules/jest-runtime/build/index.js:1022:12)
    at Runtime.requireModule (/Users/angle/Documents/augment-projects/trend2zero/backend/node_modules/jest-runtime/build/index.js:882:12)
    at jestAdapter (/Users/angle/Documents/augment-projects/trend2zero/backend/node_modules/jest-circus/build/legacy-code-todo-rewrite/jestAdapter.js:77:13)
    at processTicksAndRejections (node:internal/process/task_queues:105:5)
    at runTestInternal (/Users/angle/Documents/augment-projects/trend2zero/backend/node_modules/jest-runner/build/runTest.js:367:16)
    at runTest (/Users/angle/Documents/augment-projects/trend2zero/backend/node_modules/jest-runner/build/runTest.js:444:34)
    at Object.worker (/Users/angle/Documents/augment-projects/trend2zero/backend/node_modules/jest-runner/build/testWorker.js:106:12)</failure>
    </testcase>
    <testcase classname="Auth Controller Integration Tests › POST /api/users/login" name="should return 401 if email is incorrect" time="10.004">
      <failure>Error: thrown: &quot;Exceeded timeout of 10000 ms for a hook.
Add a timeout value to this test to increase the timeout, if this is a long-running test. See https://jestjs.io/docs/api#testname-fn-timeout.&quot;
    at beforeEach (/Users/angle/Documents/augment-projects/trend2zero/backend/src/tests/controllers/authController.integration.test.js:7:5)
    at _dispatchDescribe (/Users/angle/Documents/augment-projects/trend2zero/backend/node_modules/jest-circus/build/index.js:91:26)
    at describe (/Users/angle/Documents/augment-projects/trend2zero/backend/node_modules/jest-circus/build/index.js:55:5)
    at Object.describe (/Users/angle/Documents/augment-projects/trend2zero/backend/src/tests/controllers/authController.integration.test.js:6:1)
    at Runtime._execModule (/Users/angle/Documents/augment-projects/trend2zero/backend/node_modules/jest-runtime/build/index.js:1439:24)
    at Runtime._loadModule (/Users/angle/Documents/augment-projects/trend2zero/backend/node_modules/jest-runtime/build/index.js:1022:12)
    at Runtime.requireModule (/Users/angle/Documents/augment-projects/trend2zero/backend/node_modules/jest-runtime/build/index.js:882:12)
    at jestAdapter (/Users/angle/Documents/augment-projects/trend2zero/backend/node_modules/jest-circus/build/legacy-code-todo-rewrite/jestAdapter.js:77:13)
    at processTicksAndRejections (node:internal/process/task_queues:105:5)
    at runTestInternal (/Users/angle/Documents/augment-projects/trend2zero/backend/node_modules/jest-runner/build/runTest.js:367:16)
    at runTest (/Users/angle/Documents/augment-projects/trend2zero/backend/node_modules/jest-runner/build/runTest.js:444:34)
    at Object.worker (/Users/angle/Documents/augment-projects/trend2zero/backend/node_modules/jest-runner/build/testWorker.js:106:12)</failure>
    </testcase>
    <testcase classname="Auth Controller Integration Tests › POST /api/users/login" name="should return 401 if password is incorrect" time="10.003">
      <failure>Error: thrown: &quot;Exceeded timeout of 10000 ms for a hook.
Add a timeout value to this test to increase the timeout, if this is a long-running test. See https://jestjs.io/docs/api#testname-fn-timeout.&quot;
    at beforeEach (/Users/angle/Documents/augment-projects/trend2zero/backend/src/tests/controllers/authController.integration.test.js:7:5)
    at _dispatchDescribe (/Users/angle/Documents/augment-projects/trend2zero/backend/node_modules/jest-circus/build/index.js:91:26)
    at describe (/Users/angle/Documents/augment-projects/trend2zero/backend/node_modules/jest-circus/build/index.js:55:5)
    at Object.describe (/Users/angle/Documents/augment-projects/trend2zero/backend/src/tests/controllers/authController.integration.test.js:6:1)
    at Runtime._execModule (/Users/angle/Documents/augment-projects/trend2zero/backend/node_modules/jest-runtime/build/index.js:1439:24)
    at Runtime._loadModule (/Users/angle/Documents/augment-projects/trend2zero/backend/node_modules/jest-runtime/build/index.js:1022:12)
    at Runtime.requireModule (/Users/angle/Documents/augment-projects/trend2zero/backend/node_modules/jest-runtime/build/index.js:882:12)
    at jestAdapter (/Users/angle/Documents/augment-projects/trend2zero/backend/node_modules/jest-circus/build/legacy-code-todo-rewrite/jestAdapter.js:77:13)
    at processTicksAndRejections (node:internal/process/task_queues:105:5)
    at runTestInternal (/Users/angle/Documents/augment-projects/trend2zero/backend/node_modules/jest-runner/build/runTest.js:367:16)
    at runTest (/Users/angle/Documents/augment-projects/trend2zero/backend/node_modules/jest-runner/build/runTest.js:444:34)
    at Object.worker (/Users/angle/Documents/augment-projects/trend2zero/backend/node_modules/jest-runner/build/testWorker.js:106:12)</failure>
    </testcase>
    <testcase classname="Auth Controller Integration Tests › Protected Routes" name="should return current user when authenticated" time="10.002">
      <failure>Error: thrown: &quot;Exceeded timeout of 10000 ms for a hook.
Add a timeout value to this test to increase the timeout, if this is a long-running test. See https://jestjs.io/docs/api#testname-fn-timeout.&quot;
    at beforeEach (/Users/angle/Documents/augment-projects/trend2zero/backend/src/tests/controllers/authController.integration.test.js:7:5)
    at _dispatchDescribe (/Users/angle/Documents/augment-projects/trend2zero/backend/node_modules/jest-circus/build/index.js:91:26)
    at describe (/Users/angle/Documents/augment-projects/trend2zero/backend/node_modules/jest-circus/build/index.js:55:5)
    at Object.describe (/Users/angle/Documents/augment-projects/trend2zero/backend/src/tests/controllers/authController.integration.test.js:6:1)
    at Runtime._execModule (/Users/angle/Documents/augment-projects/trend2zero/backend/node_modules/jest-runtime/build/index.js:1439:24)
    at Runtime._loadModule (/Users/angle/Documents/augment-projects/trend2zero/backend/node_modules/jest-runtime/build/index.js:1022:12)
    at Runtime.requireModule (/Users/angle/Documents/augment-projects/trend2zero/backend/node_modules/jest-runtime/build/index.js:882:12)
    at jestAdapter (/Users/angle/Documents/augment-projects/trend2zero/backend/node_modules/jest-circus/build/legacy-code-todo-rewrite/jestAdapter.js:77:13)
    at processTicksAndRejections (node:internal/process/task_queues:105:5)
    at runTestInternal (/Users/angle/Documents/augment-projects/trend2zero/backend/node_modules/jest-runner/build/runTest.js:367:16)
    at runTest (/Users/angle/Documents/augment-projects/trend2zero/backend/node_modules/jest-runner/build/runTest.js:444:34)
    at Object.worker (/Users/angle/Documents/augment-projects/trend2zero/backend/node_modules/jest-runner/build/testWorker.js:106:12)</failure>
    </testcase>
    <testcase classname="Auth Controller Integration Tests › Protected Routes" name="should return 401 when not authenticated" time="10.004">
      <failure>Error: thrown: &quot;Exceeded timeout of 10000 ms for a hook.
Add a timeout value to this test to increase the timeout, if this is a long-running test. See https://jestjs.io/docs/api#testname-fn-timeout.&quot;
    at beforeEach (/Users/angle/Documents/augment-projects/trend2zero/backend/src/tests/controllers/authController.integration.test.js:7:5)
    at _dispatchDescribe (/Users/angle/Documents/augment-projects/trend2zero/backend/node_modules/jest-circus/build/index.js:91:26)
    at describe (/Users/angle/Documents/augment-projects/trend2zero/backend/node_modules/jest-circus/build/index.js:55:5)
    at Object.describe (/Users/angle/Documents/augment-projects/trend2zero/backend/src/tests/controllers/authController.integration.test.js:6:1)
    at Runtime._execModule (/Users/angle/Documents/augment-projects/trend2zero/backend/node_modules/jest-runtime/build/index.js:1439:24)
    at Runtime._loadModule (/Users/angle/Documents/augment-projects/trend2zero/backend/node_modules/jest-runtime/build/index.js:1022:12)
    at Runtime.requireModule (/Users/angle/Documents/augment-projects/trend2zero/backend/node_modules/jest-runtime/build/index.js:882:12)
    at jestAdapter (/Users/angle/Documents/augment-projects/trend2zero/backend/node_modules/jest-circus/build/legacy-code-todo-rewrite/jestAdapter.js:77:13)
    at processTicksAndRejections (node:internal/process/task_queues:105:5)
    at runTestInternal (/Users/angle/Documents/augment-projects/trend2zero/backend/node_modules/jest-runner/build/runTest.js:367:16)
    at runTest (/Users/angle/Documents/augment-projects/trend2zero/backend/node_modules/jest-runner/build/runTest.js:444:34)
    at Object.worker (/Users/angle/Documents/augment-projects/trend2zero/backend/node_modules/jest-runner/build/testWorker.js:106:12)</failure>
    </testcase>
    <testcase classname="Auth Controller Integration Tests › Protected Routes" name="should update password when current password is correct" time="10.004">
      <failure>Error: thrown: &quot;Exceeded timeout of 10000 ms for a hook.
Add a timeout value to this test to increase the timeout, if this is a long-running test. See https://jestjs.io/docs/api#testname-fn-timeout.&quot;
    at beforeEach (/Users/angle/Documents/augment-projects/trend2zero/backend/src/tests/controllers/authController.integration.test.js:7:5)
    at _dispatchDescribe (/Users/angle/Documents/augment-projects/trend2zero/backend/node_modules/jest-circus/build/index.js:91:26)
    at describe (/Users/angle/Documents/augment-projects/trend2zero/backend/node_modules/jest-circus/build/index.js:55:5)
    at Object.describe (/Users/angle/Documents/augment-projects/trend2zero/backend/src/tests/controllers/authController.integration.test.js:6:1)
    at Runtime._execModule (/Users/angle/Documents/augment-projects/trend2zero/backend/node_modules/jest-runtime/build/index.js:1439:24)
    at Runtime._loadModule (/Users/angle/Documents/augment-projects/trend2zero/backend/node_modules/jest-runtime/build/index.js:1022:12)
    at Runtime.requireModule (/Users/angle/Documents/augment-projects/trend2zero/backend/node_modules/jest-runtime/build/index.js:882:12)
    at jestAdapter (/Users/angle/Documents/augment-projects/trend2zero/backend/node_modules/jest-circus/build/legacy-code-todo-rewrite/jestAdapter.js:77:13)
    at processTicksAndRejections (node:internal/process/task_queues:105:5)
    at runTestInternal (/Users/angle/Documents/augment-projects/trend2zero/backend/node_modules/jest-runner/build/runTest.js:367:16)
    at runTest (/Users/angle/Documents/augment-projects/trend2zero/backend/node_modules/jest-runner/build/runTest.js:444:34)
    at Object.worker (/Users/angle/Documents/augment-projects/trend2zero/backend/node_modules/jest-runner/build/testWorker.js:106:12)</failure>
    </testcase>
    <testcase classname="Auth Controller Integration Tests › Protected Routes" name="should return 401 when current password is incorrect" time="10.002">
      <failure>Error: thrown: &quot;Exceeded timeout of 10000 ms for a hook.
Add a timeout value to this test to increase the timeout, if this is a long-running test. See https://jestjs.io/docs/api#testname-fn-timeout.&quot;
    at beforeEach (/Users/angle/Documents/augment-projects/trend2zero/backend/src/tests/controllers/authController.integration.test.js:7:5)
    at _dispatchDescribe (/Users/angle/Documents/augment-projects/trend2zero/backend/node_modules/jest-circus/build/index.js:91:26)
    at describe (/Users/angle/Documents/augment-projects/trend2zero/backend/node_modules/jest-circus/build/index.js:55:5)
    at Object.describe (/Users/angle/Documents/augment-projects/trend2zero/backend/src/tests/controllers/authController.integration.test.js:6:1)
    at Runtime._execModule (/Users/angle/Documents/augment-projects/trend2zero/backend/node_modules/jest-runtime/build/index.js:1439:24)
    at Runtime._loadModule (/Users/angle/Documents/augment-projects/trend2zero/backend/node_modules/jest-runtime/build/index.js:1022:12)
    at Runtime.requireModule (/Users/angle/Documents/augment-projects/trend2zero/backend/node_modules/jest-runtime/build/index.js:882:12)
    at jestAdapter (/Users/angle/Documents/augment-projects/trend2zero/backend/node_modules/jest-circus/build/legacy-code-todo-rewrite/jestAdapter.js:77:13)
    at processTicksAndRejections (node:internal/process/task_queues:105:5)
    at runTestInternal (/Users/angle/Documents/augment-projects/trend2zero/backend/node_modules/jest-runner/build/runTest.js:367:16)
    at runTest (/Users/angle/Documents/augment-projects/trend2zero/backend/node_modules/jest-runner/build/runTest.js:444:34)
    at Object.worker (/Users/angle/Documents/augment-projects/trend2zero/backend/node_modules/jest-runner/build/testWorker.js:106:12)</failure>
    </testcase>
  </testsuite>
</testsuites>